#
# There is insufficient memory for the Java Runtime Environment to continue.
# Native memory allocation (mmap) failed to map 132120576 bytes for G1 virtual space
# Possible reasons:
#   The system is out of physical RAM or swap space
#   The process is running with CompressedOops enabled, and the Java Heap may be blocking the growth of the native heap
# Possible solutions:
#   Reduce memory load on the system
#   Increase physical memory or swap space
#   Check if swap backing store is full
#   Decrease Java heap size (-Xmx/-Xms)
#   Decrease number of Java threads
#   Decrease Java thread stack sizes (-Xss)
#   Set larger code cache with -XX:ReservedCodeCacheSize=
#   JVM is running with Unscaled Compressed Oops mode in which the Java heap is
#     placed in the first 4GB address space. The Java Heap base address is the
#     maximum limit for the native heap growth. Please use -XX:HeapBaseMinAddress
#     to set the Java Heap base and to place the Java Heap above 4GB virtual address.
# This output file may be truncated or incomplete.
#
#  Out of Memory Error (os_windows.cpp:3536), pid=32748, tid=28000
#
# JRE version:  (19.0.2+7) (build )
# Java VM: OpenJDK 64-Bit Server VM (19.0.2+7-FR, mixed mode, sharing, tiered, compressed oops, compressed class ptrs, g1 gc, windows-amd64)
# No core dump will be written. Minidumps are not enabled by default on client versions of Windows
#

---------------  S U M M A R Y ------------

Command Line: C:\Users\ayesh\AppData\Local\Temp\surefire14364949514124134317\surefirebooter2548935911430823256.jar C:\Users\ayesh\AppData\Local\Temp\surefire14364949514124134317 2023-11-09T16-10-45_254-jvmRun1 surefire2621169702501453354tmp surefire_03659088110386984060tmp

Host: Intel(R) Core(TM) i7-10510U CPU @ 1.80GHz, 8 cores, 7G,  Windows 11 , 64 bit Build 22621 (10.0.22621.2428)
Time: Thu Nov  9 16:10:46 2023 Eastern Standard Time elapsed time: 0.035184 seconds (0d 0h 0m 0s)

---------------  T H R E A D  ---------------

Current thread (0x0000024e735215d0):  JavaThread "Unknown thread" [_thread_in_vm, id=28000, stack(0x0000007c43f00000,0x0000007c44000000)]

Stack: [0x0000007c43f00000,0x0000007c44000000]
Native frames: (J=compiled Java code, j=interpreted, Vv=VM code, C=native code)
V  [jvm.dll+0x6d034a]
V  [jvm.dll+0x880f10]
V  [jvm.dll+0x88289e]
V  [jvm.dll+0x882f43]
V  [jvm.dll+0x27b4bb]
V  [jvm.dll+0x6cd13a]
V  [jvm.dll+0x6c1d3a]
V  [jvm.dll+0x351969]
V  [jvm.dll+0x359076]
V  [jvm.dll+0x3ad28a]
V  [jvm.dll+0x3ad4cf]
V  [jvm.dll+0x3261ea]
V  [jvm.dll+0x3270a2]
V  [jvm.dll+0x84d530]
V  [jvm.dll+0x3ba241]
V  [jvm.dll+0x82f013]
V  [jvm.dll+0x43a3c3]
V  [jvm.dll+0x43bdf1]
C  [jli.dll+0x519f]
C  [ucrtbase.dll+0x29363]
C  [KERNEL32.DLL+0x1257d]
C  [ntdll.dll+0x5aa78]


---------------  P R O C E S S  ---------------

Threads class SMR info:
_java_thread_list=0x00007ff9c939ace8, length=0, elements={
}

Java Threads: ( => current thread )

Other Threads:
  0x0000024e73581490 WorkerThread "GC Thread#0" [stack: 0x0000007c44000000,0x0000007c44100000] [id=16920]
  0x0000024e73591eb0 ConcurrentGCThread "G1 Main Marker" [stack: 0x0000007c44100000,0x0000007c44200000] [id=9344]
  0x0000024e735938f0 WorkerThread "G1 Conc#0" [stack: 0x0000007c44200000,0x0000007c44300000] [id=32600]

[error occurred during error reporting (printing all threads), id 0xc0000005, EXCEPTION_ACCESS_VIOLATION (0xc0000005) at pc=0x00007ff9c8b375f7]

VM state: not at safepoint (not fully initialized)

VM Mutex/Monitor currently owned by a thread:  ([mutex/lock_event])
[0x0000024e7351d270] Heap_lock - owner thread: 0x0000024e735215d0

Heap address: 0x0000000082a00000, size: 2006 MB, Compressed Oops mode: 32-bit

CDS archive(s) mapped at: [0x0000000000000000-0x0000000000000000-0x0000000000000000), size 0, SharedBaseAddress: 0x0000000800000000, ArchiveRelocationMode: 0.
Narrow klass base: 0x0000000000000000, Narrow klass shift: 0, Narrow klass range: 0x0

GC Precious Log:
 CardTable entry size: 512
 Card Set container configuration: InlinePtr #cards 5 size 8 Array Of Cards #cards 12 size 40 Howl #buckets 4 coarsen threshold 1843 Howl Bitmap #cards 512 size 80 coarsen threshold 460 Card regions per heap region 1 cards per card region 2048

Heap:
 garbage-first heap   total 0K, used 0K [0x0000000082a00000, 0x0000000100000000)
  region size 1024K, 0 young (0K), 0 survivors (0K)

[error occurred during error reporting (printing heap information), id 0xc0000005, EXCEPTION_ACCESS_VIOLATION (0xc0000005) at pc=0x00007ff9c8f28059]

GC Heap History (0 events):
No events

Dll operation events (1 events):
Event: 0.023 Loaded shared library C:\Users\ayesh\.jdks\corretto-19.0.2\bin\java.dll

Deoptimization events (0 events):
No events

Classes loaded (0 events):
No events

Classes unloaded (0 events):
No events

Classes redefined (0 events):
No events

Internal exceptions (0 events):
No events

VM Operations (0 events):
No events

Events (0 events):
No events


Dynamic libraries:
0x00007ff72d010000 - 0x00007ff72d01d000 	C:\Users\ayesh\.jdks\corretto-19.0.2\bin\java.exe
0x00007ffa4a870000 - 0x00007ffa4aa87000 	C:\WINDOWS\SYSTEM32\ntdll.dll
0x00007ffa4a4f0000 - 0x00007ffa4a5b4000 	C:\WINDOWS\System32\KERNEL32.DLL
0x00007ffa48130000 - 0x00007ffa484d6000 	C:\WINDOWS\System32\KERNELBASE.dll
0x00007ffa47e30000 - 0x00007ffa47f41000 	C:\WINDOWS\System32\ucrtbase.dll
0x00007ffa341b0000 - 0x00007ffa341c7000 	C:\Users\ayesh\.jdks\corretto-19.0.2\bin\jli.dll
0x00007ffa4a2b0000 - 0x00007ffa4a45d000 	C:\WINDOWS\System32\USER32.dll
0x00007ffa485a0000 - 0x00007ffa485c6000 	C:\WINDOWS\System32\win32u.dll
0x00007ffa485d0000 - 0x00007ffa485f9000 	C:\WINDOWS\System32\GDI32.dll
0x00007ffa47d10000 - 0x00007ffa47e28000 	C:\WINDOWS\System32\gdi32full.dll
0x00007ffa47c70000 - 0x00007ffa47d0a000 	C:\WINDOWS\System32\msvcp_win.dll
0x00007ffa314b0000 - 0x00007ffa31743000 	C:\WINDOWS\WinSxS\amd64_microsoft.windows.common-controls_6595b64144ccf1df_6.0.22621.2361_none_2712ced57382f843\COMCTL32.dll
0x00007ffa49190000 - 0x00007ffa49237000 	C:\WINDOWS\System32\msvcrt.dll
0x00007ffa340d0000 - 0x00007ffa340e5000 	C:\Users\ayesh\.jdks\corretto-19.0.2\bin\VCRUNTIME140.dll
0x00007ffa489e0000 - 0x00007ffa48a11000 	C:\WINDOWS\System32\IMM32.DLL
0x00007ffa0a6d0000 - 0x00007ffa0a76b000 	C:\Users\ayesh\.jdks\corretto-19.0.2\bin\msvcp140.dll
0x00007ff9c8800000 - 0x00007ff9c94d9000 	C:\Users\ayesh\.jdks\corretto-19.0.2\bin\server\jvm.dll
0x00007ffa4a780000 - 0x00007ffa4a830000 	C:\WINDOWS\System32\ADVAPI32.dll
0x00007ffa4a5c0000 - 0x00007ffa4a666000 	C:\WINDOWS\System32\sechost.dll
0x00007ffa487e0000 - 0x00007ffa488f7000 	C:\WINDOWS\System32\RPCRT4.dll
0x00007ffa29580000 - 0x00007ffa29589000 	C:\WINDOWS\SYSTEM32\WSOCK32.dll
0x00007ffa49ea0000 - 0x00007ffa49f11000 	C:\WINDOWS\System32\WS2_32.dll
0x00007ffa30be0000 - 0x00007ffa30c14000 	C:\WINDOWS\SYSTEM32\WINMM.dll
0x00007ffa403d0000 - 0x00007ffa403da000 	C:\WINDOWS\SYSTEM32\VERSION.dll
0x00007ffa46c80000 - 0x00007ffa46c98000 	C:\WINDOWS\SYSTEM32\kernel.appcore.dll
0x00007ffa341a0000 - 0x00007ffa341aa000 	C:\Users\ayesh\.jdks\corretto-19.0.2\bin\jimage.dll
0x00007ffa42480000 - 0x00007ffa426ae000 	C:\WINDOWS\SYSTEM32\DBGHELP.DLL
0x00007ffa49f20000 - 0x00007ffa4a2aa000 	C:\WINDOWS\System32\combase.dll
0x00007ffa48900000 - 0x00007ffa489d7000 	C:\WINDOWS\System32\OLEAUT32.dll
0x00007ffa2d470000 - 0x00007ffa2d4a2000 	C:\WINDOWS\SYSTEM32\dbgcore.DLL
0x00007ffa47bf0000 - 0x00007ffa47c6a000 	C:\WINDOWS\System32\bcryptPrimitives.dll
0x00007ffa1b720000 - 0x00007ffa1b746000 	C:\Users\ayesh\.jdks\corretto-19.0.2\bin\java.dll

dbghelp: loaded successfully - version: 4.0.5 - missing functions: none
symbol engine: initialized successfully - sym options: 0x614 - pdb path: .;C:\Users\ayesh\.jdks\corretto-19.0.2\bin;C:\WINDOWS\SYSTEM32;C:\WINDOWS\WinSxS\amd64_microsoft.windows.common-controls_6595b64144ccf1df_6.0.22621.2361_none_2712ced57382f843;C:\Users\ayesh\.jdks\corretto-19.0.2\bin\server

VM Arguments:
java_command: C:\Users\ayesh\AppData\Local\Temp\surefire14364949514124134317\surefirebooter2548935911430823256.jar C:\Users\ayesh\AppData\Local\Temp\surefire14364949514124134317 2023-11-09T16-10-45_254-jvmRun1 surefire2621169702501453354tmp surefire_03659088110386984060tmp
java_class_path (initial): C:\Users\ayesh\AppData\Local\Temp\surefire14364949514124134317\surefirebooter2548935911430823256.jar
Launcher Type: SUN_STANDARD

[Global flags]
     intx CICompilerCount                          = 4                                         {product} {ergonomic}
     uint ConcGCThreads                            = 2                                         {product} {ergonomic}
     uint G1ConcRefinementThreads                  = 8                                         {product} {ergonomic}
   size_t G1HeapRegionSize                         = 1048576                                   {product} {ergonomic}
    uintx GCDrainStackTargetSize                   = 64                                        {product} {ergonomic}
   size_t InitialHeapSize                          = 132120576                                 {product} {ergonomic}
   size_t MarkStackSize                            = 4194304                                   {product} {ergonomic}
   size_t MaxHeapSize                              = 2103443456                                {product} {ergonomic}
   size_t MinHeapDeltaBytes                        = 1048576                                   {product} {ergonomic}
   size_t MinHeapSize                              = 8388608                                   {product} {ergonomic}
    uintx NonNMethodCodeHeapSize                   = 5839372                                {pd product} {ergonomic}
    uintx NonProfiledCodeHeapSize                  = 122909434                              {pd product} {ergonomic}
    uintx ProfiledCodeHeapSize                     = 122909434                              {pd product} {ergonomic}
    uintx ReservedCodeCacheSize                    = 251658240                              {pd product} {ergonomic}
     bool SegmentedCodeCache                       = true                                      {product} {ergonomic}
   size_t SoftMaxHeapSize                          = 2103443456                             {manageable} {ergonomic}
     bool UseCompressedClassPointers               = true                           {product lp64_product} {ergonomic}
     bool UseCompressedOops                        = true                           {product lp64_product} {ergonomic}
     bool UseG1GC                                  = true                                      {product} {ergonomic}
     bool UseLargePagesIndividualAllocation        = false                                  {pd product} {ergonomic}

Logging:
Log output configuration:
 #0: stdout all=warning uptime,level,tags foldmultilines=false
 #1: stderr all=off uptime,level,tags foldmultilines=false

Environment Variables:
PATH=C:\Program Files\Common Files\Oracle\Java\javapath;C:\Windows\system32;C:\Windows;C:\Windows\System32\Wbem;C:\Windows\System32\WindowsPowerShell\v1.0\;C:\Windows\System32\OpenSSH\;C:\Program Files (x86)\NVIDIA Corporation\PhysX\Common;C:\Program Files\NVIDIA Corporation\NVIDIA NvDLISR;C:\WINDOWS\system32;C:\WINDOWS;C:\WINDOWS\System32\Wbem;C:\WINDOWS\System32\WindowsPowerShell\v1.0\;C:\WINDOWS\System32\OpenSSH\;C:\Program Files\nodejs\;C:\Program Files\Git\cmd;C:\Program Files\Docker\Docker\resources\bin;d:\Kubernetes\Minikube;C:\Program Files\MySQL\MySQL Shell 8.0\bin\;C:\Users\ayesh\AppData\Local\Microsoft\WindowsApps;C:\Users\ayesh\AppData\Roaming\npm;C:\Users\ayesh\AppData\Local\GitHubDesktop\bin;D:\JetBrains\IntelliJ IDEA Community Edition 2023.2.1\bin;;d:\AppData\Local\Programs\Microsoft VS Code\bin;D:\JetBrains\IntelliJ IDEA\bin;
USERNAME=ayesh
OS=Windows_NT
PROCESSOR_IDENTIFIER=Intel64 Family 6 Model 142 Stepping 12, GenuineIntel
TMP=C:\Users\ayesh\AppData\Local\Temp
TEMP=C:\Users\ayesh\AppData\Local\Temp



---------------  S Y S T E M  ---------------

OS:
 Windows 11 , 64 bit Build 22621 (10.0.22621.2428)
OS uptime: 25 days 9:21 hours
Hyper-V role detected

CPU: total 8 (initial active 8) (4 cores per cpu, 2 threads per core) family 6 model 142 stepping 12 microcode 0xde, cx8, cmov, fxsr, ht, mmx, 3dnowpref, sse, sse2, sse3, ssse3, sse4.1, sse4.2, popcnt, lzcnt, tsc, tscinvbit, avx, avx2, aes, erms, clmul, bmi1, bmi2, adx, fma, vzeroupper, clflush, clflushopt, hv, rdtscp

Memory: 4k page, system-wide physical 8022M (507M free)
TotalPageFile size 26772M (AvailPageFile size 36M)
current process WorkingSet (physical memory assigned to process): 10M, peak: 10M
current process commit charge ("private bytes"): 60M, peak: 186M

vm_info: OpenJDK 64-Bit Server VM (19.0.2+7-FR) for windows-amd64 JRE (19.0.2+7-FR), built on Jan 13 2023 22:53:32 by "Administrator" with MS VC++ 15.9 (VS2017)

END.
