#
# There is insufficient memory for the Java Runtime Environment to continue.
# Native memory allocation (malloc) failed to allocate 852096 bytes for Chunk::new
# Possible reasons:
#   The system is out of physical RAM or swap space
#   The process is running with CompressedOops enabled, and the Java Heap may be blocking the growth of the native heap
# Possible solutions:
#   Reduce memory load on the system
#   Increase physical memory or swap space
#   Check if swap backing store is full
#   Decrease Java heap size (-Xmx/-Xms)
#   Decrease number of Java threads
#   Decrease Java thread stack sizes (-Xss)
#   Set larger code cache with -XX:ReservedCodeCacheSize=
#   JVM is running with Unscaled Compressed Oops mode in which the Java heap is
#     placed in the first 4GB address space. The Java Heap base address is the
#     maximum limit for the native heap growth. Please use -XX:HeapBaseMinAddress
#     to set the Java Heap base and to place the Java Heap above 4GB virtual address.
# This output file may be truncated or incomplete.
#
#  Out of Memory Error (arena.cpp:184), pid=14044, tid=10924
#
# JRE version: OpenJDK Runtime Environment Corretto-19.0.2.7.1 (19.0.2+7) (build 19.0.2+7-FR)
# Java VM: OpenJDK 64-Bit Server VM Corretto-19.0.2.7.1 (19.0.2+7-FR, mixed mode, sharing, tiered, compressed oops, compressed class ptrs, g1 gc, windows-amd64)
# No core dump will be written. Minidumps are not enabled by default on client versions of Windows
#

---------------  S U M M A R Y ------------

Command Line: C:\Users\ayesh\AppData\Local\Temp\surefire7981039852842768445\surefirebooter11927773837275327081.jar C:\Users\ayesh\AppData\Local\Temp\surefire7981039852842768445 2023-11-09T16-11-37_613-jvmRun1 surefire1302488805815204629tmp surefire_017758264945232719765tmp

Host: Intel(R) Core(TM) i7-10510U CPU @ 1.80GHz, 8 cores, 7G,  Windows 11 , 64 bit Build 22621 (10.0.22621.2428)
Time: Thu Nov  9 16:11:39 2023 Eastern Standard Time elapsed time: 1.958108 seconds (0d 0h 0m 1s)

---------------  T H R E A D  ---------------

Current thread (0x00000271fff150d0):  JavaThread "C2 CompilerThread0" daemon [_thread_in_native, id=10924, stack(0x000000967ac00000,0x000000967ad00000)]


Current CompileTask:
C2:   1958 1898       4       org.springframework.boot.context.properties.source.ConfigurationPropertyName$ElementsParser::parse (234 bytes)

Stack: [0x000000967ac00000,0x000000967ad00000]
Native frames: (J=compiled Java code, j=interpreted, Vv=VM code, C=native code)
V  [jvm.dll+0x6d034a]
V  [jvm.dll+0x880f10]
V  [jvm.dll+0x88289e]
V  [jvm.dll+0x882f43]
V  [jvm.dll+0x27b4bb]
V  [jvm.dll+0xdd792]
V  [jvm.dll+0xddb25]
V  [jvm.dll+0x2f2d72]
V  [jvm.dll+0x5d5c0f]
V  [jvm.dll+0x24f710]
V  [jvm.dll+0x248777]
V  [jvm.dll+0x246488]
V  [jvm.dll+0x1d4bb7]
V  [jvm.dll+0x25558a]
V  [jvm.dll+0x2538d7]
V  [jvm.dll+0x8342bd]
V  [jvm.dll+0x82e2fa]
V  [jvm.dll+0x6cf0d3]
C  [ucrtbase.dll+0x29363]
C  [KERNEL32.DLL+0x1257d]
C  [ntdll.dll+0x5aa78]


---------------  P R O C E S S  ---------------

Threads class SMR info:
_java_thread_list=0x00000271982d3250, length=15, elements={
0x00000271f4470dc0, 0x00000271fff03830, 0x00000271fff04620, 0x00000271fff07780,
0x00000271fff0b1d0, 0x00000271fff0bb00, 0x00000271fff10450, 0x00000271fff150d0,
0x00000271fff16050, 0x00000271fff2ea50, 0x000002719720ec60, 0x00000271972106f0,
0x00000271972116e0, 0x0000027197210c40, 0x0000027197211190
}

Java Threads: ( => current thread )
  0x00000271f4470dc0 JavaThread "main" [_thread_in_Java, id=12116, stack(0x0000009679f00000,0x000000967a000000)]
  0x00000271fff03830 JavaThread "Reference Handler" daemon [_thread_blocked, id=17528, stack(0x000000967a600000,0x000000967a700000)]
  0x00000271fff04620 JavaThread "Finalizer" daemon [_thread_blocked, id=18964, stack(0x000000967a700000,0x000000967a800000)]
  0x00000271fff07780 JavaThread "Signal Dispatcher" daemon [_thread_blocked, id=15124, stack(0x000000967a800000,0x000000967a900000)]
  0x00000271fff0b1d0 JavaThread "Attach Listener" daemon [_thread_blocked, id=19268, stack(0x000000967a900000,0x000000967aa00000)]
  0x00000271fff0bb00 JavaThread "Service Thread" daemon [_thread_blocked, id=15388, stack(0x000000967aa00000,0x000000967ab00000)]
  0x00000271fff10450 JavaThread "Monitor Deflation Thread" daemon [_thread_blocked, id=25728, stack(0x000000967ab00000,0x000000967ac00000)]
=>0x00000271fff150d0 JavaThread "C2 CompilerThread0" daemon [_thread_in_native, id=10924, stack(0x000000967ac00000,0x000000967ad00000)]
  0x00000271fff16050 JavaThread "C1 CompilerThread0" daemon [_thread_blocked, id=26264, stack(0x000000967ad00000,0x000000967ae00000)]
  0x00000271fff2ea50 JavaThread "Sweeper thread" daemon [_thread_blocked, id=30072, stack(0x000000967ae00000,0x000000967af00000)]
  0x000002719720ec60 JavaThread "Notification Thread" daemon [_thread_blocked, id=16324, stack(0x000000967af00000,0x000000967b000000)]
  0x00000271972106f0 JavaThread "Common-Cleaner" daemon [_thread_blocked, id=19228, stack(0x000000967b100000,0x000000967b200000)]
  0x00000271972116e0 JavaThread "surefire-forkedjvm-command-thread" daemon [_thread_in_native, id=28388, stack(0x000000967b200000,0x000000967b300000)]
  0x0000027197210c40 JavaThread "surefire-forkedjvm-ping-30s" daemon [_thread_blocked, id=13084, stack(0x000000967b300000,0x000000967b400000)]
  0x0000027197211190 JavaThread "background-preinit" [_thread_in_vm, id=1552, stack(0x000000967bb00000,0x000000967bc00000)]

Other Threads:
  0x00000271ffeec9f0 VMThread "VM Thread" [stack: 0x000000967a500000,0x000000967a600000] [id=20892]
  0x00000271972145a0 WatcherThread "VM Periodic Task Thread" [stack: 0x000000967b000000,0x000000967b100000] [id=19092]
  0x00000271f44d2c90 WorkerThread "GC Thread#0" [stack: 0x000000967a000000,0x000000967a100000] [id=10484]
  0x0000027197ccc200 WorkerThread "GC Thread#1" [stack: 0x000000967b400000,0x000000967b500000] [id=24356]
  0x0000027197ccd5b0 WorkerThread "GC Thread#2" [stack: 0x000000967b500000,0x000000967b600000] [id=1760]
  0x0000027197ccc7a0 WorkerThread "GC Thread#3" [stack: 0x000000967b600000,0x000000967b700000] [id=11680]
  0x0000027197ccd2e0 WorkerThread "GC Thread#4" [stack: 0x000000967b700000,0x000000967b800000] [id=20588]
  0x0000027197ccdb50 WorkerThread "GC Thread#5" [stack: 0x000000967b800000,0x000000967b900000] [id=17868]
  0x0000027197ccd880 WorkerThread "GC Thread#6" [stack: 0x000000967b900000,0x000000967ba00000] [id=8220]
  0x0000027197ccc4d0 WorkerThread "GC Thread#7" [stack: 0x000000967ba00000,0x000000967bb00000] [id=31240]
  0x00000271f44e36b0 ConcurrentGCThread "G1 Main Marker" [stack: 0x000000967a100000,0x000000967a200000] [id=19728]
  0x00000271f44e5290 WorkerThread "G1 Conc#0" [stack: 0x000000967a200000,0x000000967a300000] [id=8848]
  0x00000271ffda8fa0 ConcurrentGCThread "G1 Refine#0" [stack: 0x000000967a300000,0x000000967a400000] [id=17932]
  0x00000271ffda9ae0 ConcurrentGCThread "G1 Service" [stack: 0x000000967a400000,0x000000967a500000] [id=32256]

Threads with active compile tasks:
C2 CompilerThread0     1982 1898       4       org.springframework.boot.context.properties.source.ConfigurationPropertyName$ElementsParser::parse (234 bytes)

VM state: not at safepoint (normal execution)

VM Mutex/Monitor currently owned by a thread: None

Heap address: 0x0000000082a00000, size: 2006 MB, Compressed Oops mode: 32-bit

CDS archive(s) mapped at: [0x0000000800000000-0x0000000800c40000-0x0000000800c40000), size 12845056, SharedBaseAddress: 0x0000000800000000, ArchiveRelocationMode: 0.
Compressed class space mapped at: 0x0000000801000000-0x0000000841000000, reserved size: 1073741824
Narrow klass base: 0x0000000800000000, Narrow klass shift: 0, Narrow klass range: 0x100000000

GC Precious Log:
 CardTable entry size: 512
 Card Set container configuration: InlinePtr #cards 5 size 8 Array Of Cards #cards 12 size 40 Howl #buckets 4 coarsen threshold 1843 Howl Bitmap #cards 512 size 80 coarsen threshold 460 Card regions per heap region 1 cards per card region 2048
 CPUs: 8 total, 8 available
 Memory: 8022M
 Large Page Support: Disabled
 NUMA Support: Disabled
 Compressed Oops: Enabled (32-bit)
 Heap Region Size: 1M
 Heap Min Capacity: 8M
 Heap Initial Capacity: 126M
 Heap Max Capacity: 2006M
 Pre-touch: Disabled
 Parallel Workers: 8
 Concurrent Workers: 2
 Concurrent Refinement Workers: 8
 Periodic GC: Disabled

Heap:
 garbage-first heap   total 129024K, used 23057K [0x0000000082a00000, 0x0000000100000000)
  region size 1024K, 16 young (16384K), 2 survivors (2048K)
 Metaspace       used 14424K, committed 14656K, reserved 1114112K
  class space    used 1805K, committed 1920K, reserved 1048576K

Heap Regions: E=young(eden), S=young(survivor), O=old, HS=humongous(starts), HC=humongous(continues), CS=collection set, F=free, OA=open archive, CA=closed archive, TAMS=top-at-mark-start (previous, next)
|   0|0x0000000082a00000, 0x0000000082b00000, 0x0000000082b00000|100%| O|  |TAMS 0x0000000082a00000, 0x0000000082a00000| Untracked 
|   1|0x0000000082b00000, 0x0000000082c00000, 0x0000000082c00000|100%| O|  |TAMS 0x0000000082b00000, 0x0000000082b00000| Untracked 
|   2|0x0000000082c00000, 0x0000000082d00000, 0x0000000082d00000|100%| O|  |TAMS 0x0000000082c00000, 0x0000000082c00000| Untracked 
|   3|0x0000000082d00000, 0x0000000082e00000, 0x0000000082e00000|100%| O|  |TAMS 0x0000000082d00000, 0x0000000082d00000| Untracked 
|   4|0x0000000082e00000, 0x0000000082f00000, 0x0000000082f00000|100%| O|  |TAMS 0x0000000082e00000, 0x0000000082e00000| Untracked 
|   5|0x0000000082f00000, 0x0000000083000000, 0x0000000083000000|100%| O|  |TAMS 0x0000000082f00000, 0x0000000082f00000| Untracked 
|   6|0x0000000083000000, 0x0000000083100000, 0x0000000083100000|100%| O|  |TAMS 0x0000000083000000, 0x0000000083000000| Untracked 
|   7|0x0000000083100000, 0x0000000083200000, 0x0000000083200000|100%| O|  |TAMS 0x0000000083100000, 0x0000000083100000| Untracked 
|   8|0x0000000083200000, 0x0000000083285200, 0x0000000083300000| 52%| O|  |TAMS 0x0000000083200000, 0x0000000083200000| Untracked 
|   9|0x0000000083300000, 0x0000000083300000, 0x0000000083400000|  0%| F|  |TAMS 0x0000000083300000, 0x0000000083300000| Untracked 
|  10|0x0000000083400000, 0x0000000083400000, 0x0000000083500000|  0%| F|  |TAMS 0x0000000083400000, 0x0000000083400000| Untracked 
|  11|0x0000000083500000, 0x0000000083500000, 0x0000000083600000|  0%| F|  |TAMS 0x0000000083500000, 0x0000000083500000| Untracked 
|  12|0x0000000083600000, 0x0000000083600000, 0x0000000083700000|  0%| F|  |TAMS 0x0000000083600000, 0x0000000083600000| Untracked 
|  13|0x0000000083700000, 0x0000000083700000, 0x0000000083800000|  0%| F|  |TAMS 0x0000000083700000, 0x0000000083700000| Untracked 
|  14|0x0000000083800000, 0x0000000083800000, 0x0000000083900000|  0%| F|  |TAMS 0x0000000083800000, 0x0000000083800000| Untracked 
|  15|0x0000000083900000, 0x0000000083900000, 0x0000000083a00000|  0%| F|  |TAMS 0x0000000083900000, 0x0000000083900000| Untracked 
|  16|0x0000000083a00000, 0x0000000083a00000, 0x0000000083b00000|  0%| F|  |TAMS 0x0000000083a00000, 0x0000000083a00000| Untracked 
|  17|0x0000000083b00000, 0x0000000083b00000, 0x0000000083c00000|  0%| F|  |TAMS 0x0000000083b00000, 0x0000000083b00000| Untracked 
|  18|0x0000000083c00000, 0x0000000083c00000, 0x0000000083d00000|  0%| F|  |TAMS 0x0000000083c00000, 0x0000000083c00000| Untracked 
|  19|0x0000000083d00000, 0x0000000083d00000, 0x0000000083e00000|  0%| F|  |TAMS 0x0000000083d00000, 0x0000000083d00000| Untracked 
|  20|0x0000000083e00000, 0x0000000083e00000, 0x0000000083f00000|  0%| F|  |TAMS 0x0000000083e00000, 0x0000000083e00000| Untracked 
|  21|0x0000000083f00000, 0x0000000083f00000, 0x0000000084000000|  0%| F|  |TAMS 0x0000000083f00000, 0x0000000083f00000| Untracked 
|  22|0x0000000084000000, 0x0000000084000000, 0x0000000084100000|  0%| F|  |TAMS 0x0000000084000000, 0x0000000084000000| Untracked 
|  23|0x0000000084100000, 0x0000000084100000, 0x0000000084200000|  0%| F|  |TAMS 0x0000000084100000, 0x0000000084100000| Untracked 
|  24|0x0000000084200000, 0x0000000084200000, 0x0000000084300000|  0%| F|  |TAMS 0x0000000084200000, 0x0000000084200000| Untracked 
|  25|0x0000000084300000, 0x0000000084300000, 0x0000000084400000|  0%| F|  |TAMS 0x0000000084300000, 0x0000000084300000| Untracked 
|  26|0x0000000084400000, 0x0000000084400000, 0x0000000084500000|  0%| F|  |TAMS 0x0000000084400000, 0x0000000084400000| Untracked 
|  27|0x0000000084500000, 0x0000000084500000, 0x0000000084600000|  0%| F|  |TAMS 0x0000000084500000, 0x0000000084500000| Untracked 
|  28|0x0000000084600000, 0x0000000084600000, 0x0000000084700000|  0%| F|  |TAMS 0x0000000084600000, 0x0000000084600000| Untracked 
|  29|0x0000000084700000, 0x0000000084700000, 0x0000000084800000|  0%| F|  |TAMS 0x0000000084700000, 0x0000000084700000| Untracked 
|  30|0x0000000084800000, 0x0000000084800000, 0x0000000084900000|  0%| F|  |TAMS 0x0000000084800000, 0x0000000084800000| Untracked 
|  31|0x0000000084900000, 0x0000000084900000, 0x0000000084a00000|  0%| F|  |TAMS 0x0000000084900000, 0x0000000084900000| Untracked 
|  32|0x0000000084a00000, 0x0000000084a00000, 0x0000000084b00000|  0%| F|  |TAMS 0x0000000084a00000, 0x0000000084a00000| Untracked 
|  33|0x0000000084b00000, 0x0000000084b00000, 0x0000000084c00000|  0%| F|  |TAMS 0x0000000084b00000, 0x0000000084b00000| Untracked 
|  34|0x0000000084c00000, 0x0000000084c00000, 0x0000000084d00000|  0%| F|  |TAMS 0x0000000084c00000, 0x0000000084c00000| Untracked 
|  35|0x0000000084d00000, 0x0000000084d00000, 0x0000000084e00000|  0%| F|  |TAMS 0x0000000084d00000, 0x0000000084d00000| Untracked 
|  36|0x0000000084e00000, 0x0000000084e00000, 0x0000000084f00000|  0%| F|  |TAMS 0x0000000084e00000, 0x0000000084e00000| Untracked 
|  37|0x0000000084f00000, 0x0000000084f00000, 0x0000000085000000|  0%| F|  |TAMS 0x0000000084f00000, 0x0000000084f00000| Untracked 
|  38|0x0000000085000000, 0x0000000085000000, 0x0000000085100000|  0%| F|  |TAMS 0x0000000085000000, 0x0000000085000000| Untracked 
|  39|0x0000000085100000, 0x0000000085100000, 0x0000000085200000|  0%| F|  |TAMS 0x0000000085100000, 0x0000000085100000| Untracked 
|  40|0x0000000085200000, 0x0000000085200000, 0x0000000085300000|  0%| F|  |TAMS 0x0000000085200000, 0x0000000085200000| Untracked 
|  41|0x0000000085300000, 0x0000000085300000, 0x0000000085400000|  0%| F|  |TAMS 0x0000000085300000, 0x0000000085300000| Untracked 
|  42|0x0000000085400000, 0x0000000085400000, 0x0000000085500000|  0%| F|  |TAMS 0x0000000085400000, 0x0000000085400000| Untracked 
|  43|0x0000000085500000, 0x0000000085500000, 0x0000000085600000|  0%| F|  |TAMS 0x0000000085500000, 0x0000000085500000| Untracked 
|  44|0x0000000085600000, 0x0000000085600000, 0x0000000085700000|  0%| F|  |TAMS 0x0000000085600000, 0x0000000085600000| Untracked 
|  45|0x0000000085700000, 0x0000000085700000, 0x0000000085800000|  0%| F|  |TAMS 0x0000000085700000, 0x0000000085700000| Untracked 
|  46|0x0000000085800000, 0x0000000085800000, 0x0000000085900000|  0%| F|  |TAMS 0x0000000085800000, 0x0000000085800000| Untracked 
|  47|0x0000000085900000, 0x0000000085900000, 0x0000000085a00000|  0%| F|  |TAMS 0x0000000085900000, 0x0000000085900000| Untracked 
|  48|0x0000000085a00000, 0x0000000085a00000, 0x0000000085b00000|  0%| F|  |TAMS 0x0000000085a00000, 0x0000000085a00000| Untracked 
|  49|0x0000000085b00000, 0x0000000085b00000, 0x0000000085c00000|  0%| F|  |TAMS 0x0000000085b00000, 0x0000000085b00000| Untracked 
|  50|0x0000000085c00000, 0x0000000085c00000, 0x0000000085d00000|  0%| F|  |TAMS 0x0000000085c00000, 0x0000000085c00000| Untracked 
|  51|0x0000000085d00000, 0x0000000085d00000, 0x0000000085e00000|  0%| F|  |TAMS 0x0000000085d00000, 0x0000000085d00000| Untracked 
|  52|0x0000000085e00000, 0x0000000085e00000, 0x0000000085f00000|  0%| F|  |TAMS 0x0000000085e00000, 0x0000000085e00000| Untracked 
|  53|0x0000000085f00000, 0x0000000085f00000, 0x0000000086000000|  0%| F|  |TAMS 0x0000000085f00000, 0x0000000085f00000| Untracked 
|  54|0x0000000086000000, 0x0000000086000000, 0x0000000086100000|  0%| F|  |TAMS 0x0000000086000000, 0x0000000086000000| Untracked 
|  55|0x0000000086100000, 0x0000000086100000, 0x0000000086200000|  0%| F|  |TAMS 0x0000000086100000, 0x0000000086100000| Untracked 
|  56|0x0000000086200000, 0x0000000086200000, 0x0000000086300000|  0%| F|  |TAMS 0x0000000086200000, 0x0000000086200000| Untracked 
|  57|0x0000000086300000, 0x0000000086300000, 0x0000000086400000|  0%| F|  |TAMS 0x0000000086300000, 0x0000000086300000| Untracked 
|  58|0x0000000086400000, 0x0000000086400000, 0x0000000086500000|  0%| F|  |TAMS 0x0000000086400000, 0x0000000086400000| Untracked 
|  59|0x0000000086500000, 0x0000000086500000, 0x0000000086600000|  0%| F|  |TAMS 0x0000000086500000, 0x0000000086500000| Untracked 
|  60|0x0000000086600000, 0x0000000086600000, 0x0000000086700000|  0%| F|  |TAMS 0x0000000086600000, 0x0000000086600000| Untracked 
|  61|0x0000000086700000, 0x0000000086700000, 0x0000000086800000|  0%| F|  |TAMS 0x0000000086700000, 0x0000000086700000| Untracked 
|  62|0x0000000086800000, 0x0000000086800000, 0x0000000086900000|  0%| F|  |TAMS 0x0000000086800000, 0x0000000086800000| Untracked 
|  63|0x0000000086900000, 0x0000000086900000, 0x0000000086a00000|  0%| F|  |TAMS 0x0000000086900000, 0x0000000086900000| Untracked 
|  64|0x0000000086a00000, 0x0000000086a00000, 0x0000000086b00000|  0%| F|  |TAMS 0x0000000086a00000, 0x0000000086a00000| Untracked 
|  65|0x0000000086b00000, 0x0000000086b00000, 0x0000000086c00000|  0%| F|  |TAMS 0x0000000086b00000, 0x0000000086b00000| Untracked 
|  66|0x0000000086c00000, 0x0000000086c00000, 0x0000000086d00000|  0%| F|  |TAMS 0x0000000086c00000, 0x0000000086c00000| Untracked 
|  67|0x0000000086d00000, 0x0000000086d00000, 0x0000000086e00000|  0%| F|  |TAMS 0x0000000086d00000, 0x0000000086d00000| Untracked 
|  68|0x0000000086e00000, 0x0000000086e00000, 0x0000000086f00000|  0%| F|  |TAMS 0x0000000086e00000, 0x0000000086e00000| Untracked 
|  69|0x0000000086f00000, 0x0000000086f00000, 0x0000000087000000|  0%| F|  |TAMS 0x0000000086f00000, 0x0000000086f00000| Untracked 
|  70|0x0000000087000000, 0x0000000087000000, 0x0000000087100000|  0%| F|  |TAMS 0x0000000087000000, 0x0000000087000000| Untracked 
|  71|0x0000000087100000, 0x0000000087100000, 0x0000000087200000|  0%| F|  |TAMS 0x0000000087100000, 0x0000000087100000| Untracked 
|  72|0x0000000087200000, 0x0000000087200000, 0x0000000087300000|  0%| F|  |TAMS 0x0000000087200000, 0x0000000087200000| Untracked 
|  73|0x0000000087300000, 0x0000000087300000, 0x0000000087400000|  0%| F|  |TAMS 0x0000000087300000, 0x0000000087300000| Untracked 
|  74|0x0000000087400000, 0x0000000087400000, 0x0000000087500000|  0%| F|  |TAMS 0x0000000087400000, 0x0000000087400000| Untracked 
|  75|0x0000000087500000, 0x0000000087500000, 0x0000000087600000|  0%| F|  |TAMS 0x0000000087500000, 0x0000000087500000| Untracked 
|  76|0x0000000087600000, 0x0000000087600000, 0x0000000087700000|  0%| F|  |TAMS 0x0000000087600000, 0x0000000087600000| Untracked 
|  77|0x0000000087700000, 0x0000000087700000, 0x0000000087800000|  0%| F|  |TAMS 0x0000000087700000, 0x0000000087700000| Untracked 
|  78|0x0000000087800000, 0x0000000087800000, 0x0000000087900000|  0%| F|  |TAMS 0x0000000087800000, 0x0000000087800000| Untracked 
|  79|0x0000000087900000, 0x0000000087900000, 0x0000000087a00000|  0%| F|  |TAMS 0x0000000087900000, 0x0000000087900000| Untracked 
|  80|0x0000000087a00000, 0x0000000087a00000, 0x0000000087b00000|  0%| F|  |TAMS 0x0000000087a00000, 0x0000000087a00000| Untracked 
|  81|0x0000000087b00000, 0x0000000087b00000, 0x0000000087c00000|  0%| F|  |TAMS 0x0000000087b00000, 0x0000000087b00000| Untracked 
|  82|0x0000000087c00000, 0x0000000087c00000, 0x0000000087d00000|  0%| F|  |TAMS 0x0000000087c00000, 0x0000000087c00000| Untracked 
|  83|0x0000000087d00000, 0x0000000087d00000, 0x0000000087e00000|  0%| F|  |TAMS 0x0000000087d00000, 0x0000000087d00000| Untracked 
|  84|0x0000000087e00000, 0x0000000087e00000, 0x0000000087f00000|  0%| F|  |TAMS 0x0000000087e00000, 0x0000000087e00000| Untracked 
|  85|0x0000000087f00000, 0x0000000087f00000, 0x0000000088000000|  0%| F|  |TAMS 0x0000000087f00000, 0x0000000087f00000| Untracked 
|  86|0x0000000088000000, 0x0000000088000000, 0x0000000088100000|  0%| F|  |TAMS 0x0000000088000000, 0x0000000088000000| Untracked 
|  87|0x0000000088100000, 0x0000000088100000, 0x0000000088200000|  0%| F|  |TAMS 0x0000000088100000, 0x0000000088100000| Untracked 
|  88|0x0000000088200000, 0x0000000088200000, 0x0000000088300000|  0%| F|  |TAMS 0x0000000088200000, 0x0000000088200000| Untracked 
|  89|0x0000000088300000, 0x0000000088300000, 0x0000000088400000|  0%| F|  |TAMS 0x0000000088300000, 0x0000000088300000| Untracked 
|  90|0x0000000088400000, 0x0000000088400000, 0x0000000088500000|  0%| F|  |TAMS 0x0000000088400000, 0x0000000088400000| Untracked 
|  91|0x0000000088500000, 0x0000000088500000, 0x0000000088600000|  0%| F|  |TAMS 0x0000000088500000, 0x0000000088500000| Untracked 
|  92|0x0000000088600000, 0x0000000088600000, 0x0000000088700000|  0%| F|  |TAMS 0x0000000088600000, 0x0000000088600000| Untracked 
|  93|0x0000000088700000, 0x0000000088700000, 0x0000000088800000|  0%| F|  |TAMS 0x0000000088700000, 0x0000000088700000| Untracked 
|  94|0x0000000088800000, 0x0000000088800000, 0x0000000088900000|  0%| F|  |TAMS 0x0000000088800000, 0x0000000088800000| Untracked 
|  95|0x0000000088900000, 0x0000000088900000, 0x0000000088a00000|  0%| F|  |TAMS 0x0000000088900000, 0x0000000088900000| Untracked 
|  96|0x0000000088a00000, 0x0000000088a00000, 0x0000000088b00000|  0%| F|  |TAMS 0x0000000088a00000, 0x0000000088a00000| Untracked 
|  97|0x0000000088b00000, 0x0000000088bff4a0, 0x0000000088c00000| 99%| S|CS|TAMS 0x0000000088b00000, 0x0000000088b00000| Complete 
|  98|0x0000000088c00000, 0x0000000088d00000, 0x0000000088d00000|100%| S|CS|TAMS 0x0000000088c00000, 0x0000000088c00000| Complete 
|  99|0x0000000088d00000, 0x0000000088d00000, 0x0000000088e00000|  0%| F|  |TAMS 0x0000000088d00000, 0x0000000088d00000| Untracked 
| 100|0x0000000088e00000, 0x0000000088e00000, 0x0000000088f00000|  0%| F|  |TAMS 0x0000000088e00000, 0x0000000088e00000| Untracked 
| 101|0x0000000088f00000, 0x0000000088f00000, 0x0000000089000000|  0%| F|  |TAMS 0x0000000088f00000, 0x0000000088f00000| Untracked 
| 102|0x0000000089000000, 0x0000000089000000, 0x0000000089100000|  0%| F|  |TAMS 0x0000000089000000, 0x0000000089000000| Untracked 
| 103|0x0000000089100000, 0x0000000089100000, 0x0000000089200000|  0%| F|  |TAMS 0x0000000089100000, 0x0000000089100000| Untracked 
| 104|0x0000000089200000, 0x0000000089200000, 0x0000000089300000|  0%| F|  |TAMS 0x0000000089200000, 0x0000000089200000| Untracked 
| 105|0x0000000089300000, 0x0000000089300000, 0x0000000089400000|  0%| F|  |TAMS 0x0000000089300000, 0x0000000089300000| Untracked 
| 106|0x0000000089400000, 0x0000000089400000, 0x0000000089500000|  0%| F|  |TAMS 0x0000000089400000, 0x0000000089400000| Untracked 
| 107|0x0000000089500000, 0x0000000089500000, 0x0000000089600000|  0%| F|  |TAMS 0x0000000089500000, 0x0000000089500000| Untracked 
| 108|0x0000000089600000, 0x0000000089600000, 0x0000000089700000|  0%| F|  |TAMS 0x0000000089600000, 0x0000000089600000| Untracked 
| 109|0x0000000089700000, 0x0000000089700000, 0x0000000089800000|  0%| F|  |TAMS 0x0000000089700000, 0x0000000089700000| Untracked 
| 110|0x0000000089800000, 0x0000000089800000, 0x0000000089900000|  0%| F|  |TAMS 0x0000000089800000, 0x0000000089800000| Untracked 
| 111|0x0000000089900000, 0x0000000089900000, 0x0000000089a00000|  0%| F|  |TAMS 0x0000000089900000, 0x0000000089900000| Untracked 
| 112|0x0000000089a00000, 0x0000000089b00000, 0x0000000089b00000|100%| E|  |TAMS 0x0000000089a00000, 0x0000000089a00000| Complete 
| 113|0x0000000089b00000, 0x0000000089c00000, 0x0000000089c00000|100%| E|  |TAMS 0x0000000089b00000, 0x0000000089b00000| Complete 
| 114|0x0000000089c00000, 0x0000000089d00000, 0x0000000089d00000|100%| E|CS|TAMS 0x0000000089c00000, 0x0000000089c00000| Complete 
| 115|0x0000000089d00000, 0x0000000089e00000, 0x0000000089e00000|100%| E|CS|TAMS 0x0000000089d00000, 0x0000000089d00000| Complete 
| 116|0x0000000089e00000, 0x0000000089f00000, 0x0000000089f00000|100%| E|CS|TAMS 0x0000000089e00000, 0x0000000089e00000| Complete 
| 117|0x0000000089f00000, 0x000000008a000000, 0x000000008a000000|100%| E|CS|TAMS 0x0000000089f00000, 0x0000000089f00000| Complete 
| 118|0x000000008a000000, 0x000000008a100000, 0x000000008a100000|100%| E|CS|TAMS 0x000000008a000000, 0x000000008a000000| Complete 
| 119|0x000000008a100000, 0x000000008a200000, 0x000000008a200000|100%| E|CS|TAMS 0x000000008a100000, 0x000000008a100000| Complete 
| 120|0x000000008a200000, 0x000000008a300000, 0x000000008a300000|100%| E|CS|TAMS 0x000000008a200000, 0x000000008a200000| Complete 
| 121|0x000000008a300000, 0x000000008a400000, 0x000000008a400000|100%| E|CS|TAMS 0x000000008a300000, 0x000000008a300000| Complete 
| 122|0x000000008a400000, 0x000000008a500000, 0x000000008a500000|100%| E|CS|TAMS 0x000000008a400000, 0x000000008a400000| Complete 
| 123|0x000000008a500000, 0x000000008a600000, 0x000000008a600000|100%| E|CS|TAMS 0x000000008a500000, 0x000000008a500000| Complete 
| 124|0x000000008a600000, 0x000000008a700000, 0x000000008a700000|100%| E|CS|TAMS 0x000000008a600000, 0x000000008a600000| Complete 
| 125|0x000000008a700000, 0x000000008a800000, 0x000000008a800000|100%| E|CS|TAMS 0x000000008a700000, 0x000000008a700000| Complete 

Card table byte_map: [0x00000271fcd80000,0x00000271fd170000] _byte_map_base: 0x00000271fc96b000

Marking Bits (Prev, Next): (CMBitMap*) 0x00000271f44d32c0, (CMBitMap*) 0x00000271f44d3300
 Prev Bits: [0x00000271fd560000, 0x00000271ff4b8000)
 Next Bits: [0x000002718f000000, 0x0000027190f58000)

Polling page: 0x00000271f2450000

Metaspace:

Usage:
  Non-class:     12.40 MB used.
      Class:      1.77 MB used.
       Both:     14.16 MB used.

Virtual space:
  Non-class space:       64.00 MB reserved,      12.56 MB ( 20%) committed,  1 nodes.
      Class space:        1.00 GB reserved,       1.88 MB ( <1%) committed,  1 nodes.
             Both:        1.06 GB reserved,      14.44 MB (  1%) committed. 

Chunk freelists:
   Non-Class:  3.34 MB
       Class:  2.06 MB
        Both:  5.41 MB

MaxMetaspaceSize: unlimited
CompressedClassSpaceSize: 1.00 GB
Initial GC threshold: 21.00 MB
Current GC threshold: 21.00 MB
CDS: on
MetaspaceReclaimPolicy: balanced
 - commit_granule_bytes: 65536.
 - commit_granule_words: 8192.
 - virtual_space_node_default_size: 8388608.
 - enlarge_chunks_in_place: 1.
 - new_chunks_are_fully_committed: 0.
 - uncommit_free_chunks: 1.
 - use_allocation_guard: 0.


Internal statistics:

num_allocs_failed_limit: 0.
num_arena_births: 202.
num_arena_deaths: 0.
num_vsnodes_births: 2.
num_vsnodes_deaths: 0.
num_space_committed: 231.
num_space_uncommitted: 0.
num_chunks_returned_to_freelist: 0.
num_chunks_taken_from_freelist: 711.
num_chunk_merges: 0.
num_chunk_splits: 448.
num_chunks_enlarged: 331.
num_inconsistent_stats: 0.

CodeHeap 'non-profiled nmethods': size=120000Kb used=720Kb max_used=720Kb free=119279Kb
 bounds [0x0000027187ad0000, 0x0000027187d40000, 0x000002718f000000]
CodeHeap 'profiled nmethods': size=120000Kb used=4223Kb max_used=4223Kb free=115776Kb
 bounds [0x0000027180000000, 0x0000027180420000, 0x0000027187530000]
CodeHeap 'non-nmethods': size=5760Kb used=1269Kb max_used=1327Kb free=4490Kb
 bounds [0x0000027187530000, 0x00000271877a0000, 0x0000027187ad0000]
 total_blobs=2591 nmethods=2106 adapters=395
 compilation: enabled
              stopped_count=0, restarted_count=0
 full_count=0

Compilation events (20 events):
Event: 1.949 Thread 0x00000271fff16050 2056       1       java.lang.reflect.Constructor::getRoot (5 bytes)
Event: 1.949 Thread 0x00000271fff16050 nmethod 2056 0x0000027187b82b90 code [0x0000027187b82d20, 0x0000027187b82dd8]
Event: 1.949 Thread 0x00000271fff16050 2057       3       java.lang.reflect.Constructor::setConstructorAccessor (20 bytes)
Event: 1.950 Thread 0x00000271fff16050 nmethod 2057 0x0000027180405c10 code [0x0000027180405dc0, 0x00000271804060a8]
Event: 1.951 Thread 0x00000271fff16050 2058       3       java.util.LinkedHashMap$LinkedKeySet::size (8 bytes)
Event: 1.951 Thread 0x00000271fff16050 nmethod 2058 0x0000027180406190 code [0x0000027180406320, 0x0000027180406438]
Event: 1.951 Thread 0x00000271fff16050 2059       3       java.util.LinkedHashMap$LinkedKeySet::toArray (16 bytes)
Event: 1.951 Thread 0x00000271fff16050 nmethod 2059 0x0000027180406510 code [0x00000271804066c0, 0x0000027180406838]
Event: 1.952 Thread 0x00000271fff16050 2061       3       java.util.stream.ReferencePipeline$StatelessOp::<init> (29 bytes)
Event: 1.952 Thread 0x00000271fff16050 nmethod 2061 0x0000027180406910 code [0x0000027180406ac0, 0x0000027180406c88]
Event: 1.952 Thread 0x00000271fff16050 2062       3       java.util.stream.Sink$ChainedReference::end (10 bytes)
Event: 1.952 Thread 0x00000271fff16050 nmethod 2062 0x0000027180406d90 code [0x0000027180406f40, 0x0000027180407108]
Event: 1.953 Thread 0x00000271fff16050 2063       3       java.util.stream.ReferencePipeline::filter (22 bytes)
Event: 1.953 Thread 0x00000271fff16050 nmethod 2063 0x0000027180407210 code [0x0000027180407400, 0x00000271804078d8]
Event: 1.953 Thread 0x00000271fff16050 2064       3       java.util.stream.ReferencePipeline$2::<init> (15 bytes)
Event: 1.953 Thread 0x00000271fff16050 nmethod 2064 0x0000027180407b10 code [0x0000027180407cc0, 0x0000027180407f48]
Event: 1.953 Thread 0x00000271fff16050 2065       3       java.util.stream.ReferencePipeline$2::opWrapSink (10 bytes)
Event: 1.954 Thread 0x00000271fff16050 nmethod 2065 0x0000027180408090 code [0x0000027180408280, 0x0000027180408848]
Event: 1.954 Thread 0x00000271fff16050 2066       3       java.util.AbstractCollection::toArray (144 bytes)
Event: 1.955 Thread 0x00000271fff16050 nmethod 2066 0x0000027180408a10 code [0x0000027180408ce0, 0x0000027180409f18]

GC Heap History (4 events):
Event: 0.764 GC heap before
{Heap before GC invocations=0 (full 0):
 garbage-first heap   total 129024K, used 23552K [0x0000000082a00000, 0x0000000100000000)
  region size 1024K, 23 young (23552K), 0 survivors (0K)
 Metaspace       used 4605K, committed 4800K, reserved 1114112K
  class space    used 522K, committed 640K, reserved 1048576K
}
Event: 0.770 GC heap after
{Heap after GC invocations=1 (full 0):
 garbage-first heap   total 129024K, used 8736K [0x0000000082a00000, 0x0000000100000000)
  region size 1024K, 3 young (3072K), 3 survivors (3072K)
 Metaspace       used 4605K, committed 4800K, reserved 1114112K
  class space    used 522K, committed 640K, reserved 1048576K
}
Event: 1.560 GC heap before
{Heap before GC invocations=1 (full 0):
 garbage-first heap   total 129024K, used 33312K [0x0000000082a00000, 0x0000000100000000)
  region size 1024K, 27 young (27648K), 3 survivors (3072K)
 Metaspace       used 11501K, committed 11712K, reserved 1114112K
  class space    used 1375K, committed 1472K, reserved 1048576K
}
Event: 1.566 GC heap after
{Heap after GC invocations=2 (full 0):
 garbage-first heap   total 129024K, used 10769K [0x0000000082a00000, 0x0000000100000000)
  region size 1024K, 2 young (2048K), 2 survivors (2048K)
 Metaspace       used 11501K, committed 11712K, reserved 1114112K
  class space    used 1375K, committed 1472K, reserved 1048576K
}

Dll operation events (9 events):
Event: 0.006 Loaded shared library C:\Users\ayesh\.jdks\corretto-19.0.2\bin\java.dll
Event: 0.014 Loaded shared library C:\Users\ayesh\.jdks\corretto-19.0.2\bin\jsvml.dll
Event: 0.048 Loaded shared library C:\Users\ayesh\.jdks\corretto-19.0.2\bin\net.dll
Event: 0.050 Loaded shared library C:\Users\ayesh\.jdks\corretto-19.0.2\bin\nio.dll
Event: 0.054 Loaded shared library C:\Users\ayesh\.jdks\corretto-19.0.2\bin\zip.dll
Event: 0.120 Loaded shared library C:\Users\ayesh\.jdks\corretto-19.0.2\bin\management.dll
Event: 0.129 Loaded shared library C:\Users\ayesh\.jdks\corretto-19.0.2\bin\management_ext.dll
Event: 0.167 Loaded shared library C:\Users\ayesh\.jdks\corretto-19.0.2\bin\jimage.dll
Event: 0.234 Loaded shared library C:\Users\ayesh\.jdks\corretto-19.0.2\bin\verify.dll

Deoptimization events (20 events):
Event: 1.842 Thread 0x00000271f4470dc0 Uncommon trap: trap_request=0xffffff45 fr.pc=0x0000027187b371a0 relative=0x00000000000002e0
Event: 1.842 Thread 0x00000271f4470dc0 Uncommon trap: reason=unstable_if action=reinterpret pc=0x0000027187b371a0 method=java.util.HashMap.hash(Ljava/lang/Object;)I @ 1 c2
Event: 1.842 Thread 0x00000271f4470dc0 DEOPT PACKING pc=0x0000027187b371a0 sp=0x0000009679ffb440
Event: 1.842 Thread 0x00000271f4470dc0 DEOPT UNPACKING pc=0x0000027187596da3 sp=0x0000009679ffb338 mode 2
Event: 1.855 Thread 0x00000271f4470dc0 Uncommon trap: trap_request=0xfffffff4 fr.pc=0x0000027187b51300 relative=0x0000000000000260
Event: 1.855 Thread 0x00000271f4470dc0 Uncommon trap: reason=null_check action=make_not_entrant pc=0x0000027187b51300 method=java.util.ArrayList.add(Ljava/lang/Object;[Ljava/lang/Object;I)V @ 14 c2
Event: 1.855 Thread 0x00000271f4470dc0 DEOPT PACKING pc=0x0000027187b51300 sp=0x0000009679ffb7b0
Event: 1.855 Thread 0x00000271f4470dc0 DEOPT UNPACKING pc=0x0000027187596da3 sp=0x0000009679ffb6f8 mode 2
Event: 1.865 Thread 0x00000271f4470dc0 Uncommon trap: trap_request=0xffffff45 fr.pc=0x0000027187b665fc relative=0x000000000000025c
Event: 1.865 Thread 0x00000271f4470dc0 Uncommon trap: reason=unstable_if action=reinterpret pc=0x0000027187b665fc method=java.lang.String.startsWith(Ljava/lang/String;I)Z @ 1 c2
Event: 1.865 Thread 0x00000271f4470dc0 DEOPT PACKING pc=0x0000027187b665fc sp=0x0000009679ffbc30
Event: 1.865 Thread 0x00000271f4470dc0 DEOPT UNPACKING pc=0x0000027187596da3 sp=0x0000009679ffbb40 mode 2
Event: 1.865 Thread 0x00000271f4470dc0 Uncommon trap: trap_request=0xffffff45 fr.pc=0x0000027187b16c78 relative=0x0000000000000258
Event: 1.865 Thread 0x00000271f4470dc0 Uncommon trap: reason=unstable_if action=reinterpret pc=0x0000027187b16c78 method=java.lang.String.startsWith(Ljava/lang/String;I)Z @ 1 c2
Event: 1.865 Thread 0x00000271f4470dc0 DEOPT PACKING pc=0x0000027187b16c78 sp=0x0000009679ffbbc0
Event: 1.865 Thread 0x00000271f4470dc0 DEOPT UNPACKING pc=0x0000027187596da3 sp=0x0000009679ffbb40 mode 2
Event: 1.880 Thread 0x00000271f4470dc0 Uncommon trap: trap_request=0xffffffc6 fr.pc=0x0000027187b49b00 relative=0x00000000000008e0
Event: 1.880 Thread 0x00000271f4470dc0 Uncommon trap: reason=bimorphic_or_optimized_type_check action=maybe_recompile pc=0x0000027187b49b00 method=java.util.HashMap.putVal(ILjava/lang/Object;Ljava/lang/Object;ZZ)Ljava/lang/Object; @ 91 c2
Event: 1.880 Thread 0x00000271f4470dc0 DEOPT PACKING pc=0x0000027187b49b00 sp=0x0000009679ffb830
Event: 1.880 Thread 0x00000271f4470dc0 DEOPT UNPACKING pc=0x0000027187596da3 sp=0x0000009679ffb740 mode 2

Classes loaded (20 events):
Event: 1.826 Loading class sun/net/ProgressMeteringPolicy done
Event: 1.826 Loading class sun/net/DefaultProgressMeteringPolicy done
Event: 1.844 Loading class java/util/TreeMap$DescendingSubMap
Event: 1.845 Loading class java/util/TreeMap$NavigableSubMap
Event: 1.845 Loading class java/util/TreeMap$NavigableSubMap done
Event: 1.845 Loading class java/util/TreeMap$DescendingSubMap done
Event: 1.845 Loading class java/util/TreeMap$NavigableSubMap$DescendingSubMapKeyIterator
Event: 1.846 Loading class java/util/TreeMap$NavigableSubMap$SubMapIterator
Event: 1.846 Loading class java/util/TreeMap$NavigableSubMap$SubMapIterator done
Event: 1.846 Loading class java/util/TreeMap$NavigableSubMap$DescendingSubMapKeyIterator done
Event: 1.854 Loading class sun/reflect/generics/scope/ConstructorScope
Event: 1.854 Loading class sun/reflect/generics/scope/ConstructorScope done
Event: 1.893 Loading class java/nio/file/attribute/PosixFilePermission
Event: 1.893 Loading class java/nio/file/attribute/PosixFilePermission done
Event: 1.912 Loading class java/net/InetAddress$CachedLocalHost
Event: 1.912 Loading class java/net/InetAddress$CachedLocalHost done
Event: 1.933 Loading class java/util/Stack
Event: 1.933 Loading class java/util/Stack done
Event: 1.934 Loading class java/util/Vector$Itr
Event: 1.934 Loading class java/util/Vector$Itr done

Classes unloaded (0 events):
No events

Classes redefined (0 events):
No events

Internal exceptions (20 events):
Event: 1.428 Thread 0x00000271f4470dc0 Exception <a 'java/lang/IncompatibleClassChangeError'{0x000000008940d328}: Found class java.lang.Object, but interface was expected> (0x000000008940d328) 
thrown [s\src\hotspot\share\interpreter\linkResolver.cpp, line 841]
Event: 1.477 Thread 0x00000271f4470dc0 Exception <a 'java/lang/NoSuchMethodError'{0x0000000089202f58}: 'void java.lang.invoke.DirectMethodHandle$Holder.invokeStatic(java.lang.Object, java.lang.Object)'> (0x0000000089202f58) 
thrown [s\src\hotspot\share\interpreter\linkResolver.cpp, line 774]
Event: 1.512 Thread 0x00000271f4470dc0 Exception <a 'java/lang/IncompatibleClassChangeError'{0x000000008914b998}: Found class java.lang.Object, but interface was expected> (0x000000008914b998) 
thrown [s\src\hotspot\share\interpreter\linkResolver.cpp, line 841]
Event: 1.524 Thread 0x00000271f4470dc0 Exception <a 'java/lang/NoSuchMethodError'{0x00000000891be9b8}: 'int java.lang.invoke.DirectMethodHandle$Holder.invokeSpecial(java.lang.Object, java.lang.Object, java.lang.Object, java.lang.Object)'> (0x00000000891be9b8) 
thrown [s\src\hotspot\share\interpreter\linkResolver.cpp, line 774]
Event: 1.544 Thread 0x00000271f4470dc0 Exception <a 'java/lang/NoSuchMethodError'{0x0000000088d69198}: 'void java.lang.invoke.DirectMethodHandle$Holder.invokeStaticInit(java.lang.Object, java.lang.Object, java.lang.Object, java.lang.Object)'> (0x0000000088d69198) 
thrown [s\src\hotspot\share\interpreter\linkResolver.cpp, line 774]
Event: 1.546 Thread 0x00000271f4470dc0 Exception <a 'java/lang/IncompatibleClassChangeError'{0x0000000088d7a7d8}: Found class java.lang.Object, but interface was expected> (0x0000000088d7a7d8) 
thrown [s\src\hotspot\share\interpreter\linkResolver.cpp, line 841]
Event: 1.578 Thread 0x00000271f4470dc0 Exception <a 'java/lang/NoSuchMethodError'{0x000000008a75ab50}: 'java.lang.reflect.Field[] java.lang.Class.getDeclaredFields(java.lang.Class)'> (0x000000008a75ab50) 
thrown [s\src\hotspot\share\interpreter\linkResolver.cpp, line 774]
Event: 1.580 Thread 0x00000271f4470dc0 Exception <a 'java/lang/NoSuchMethodError'{0x000000008a768128}: 'void java.lang.invoke.DelegatingMethodHandle$Holder.delegate(java.lang.Object, java.lang.Object, int, java.lang.Object)'> (0x000000008a768128) 
thrown [s\src\hotspot\share\interpreter\linkResolver.cpp, line 774]
Event: 1.739 Thread 0x00000271f4470dc0 Exception <a 'java/lang/NoSuchMethodError'{0x000000008a6e5738}: 'void java.lang.invoke.DirectMethodHandle$Holder.invokeStatic(java.lang.Object, java.lang.Object, java.lang.Object, java.lang.Object, java.lang.Object, java.lang.Object)'> (0x000000008a6e5738) 
thrown [s\src\hotspot\share\interpreter\linkResolver.cpp, line 774]
Event: 1.744 Thread 0x00000271f4470dc0 Exception <a 'java/lang/NoSuchMethodError'{0x000000008a580528}: 'java.lang.Object java.lang.invoke.Invokers$Holder.invokeExact_MT(java.lang.Object, java.lang.Object, java.lang.Object, java.lang.Object, java.lang.Object)'> (0x000000008a580528) 
thrown [s\src\hotspot\share\interpreter\linkResolver.cpp, line 774]
Event: 1.775 Thread 0x00000271f4470dc0 Exception <a 'java/lang/NoSuchMethodError'{0x000000008a4d4550}: 'java.lang.Object java.lang.invoke.DirectMethodHandle$Holder.invokeSpecial(java.lang.Object, java.lang.Object, java.lang.Object, java.lang.Object, java.lang.Object, java.lang.Object, int)'> (0x000000008a4d4550) 
thrown [s\src\hotspot\share\interpreter\linkResolver.cpp, line 774]
Event: 1.776 Thread 0x00000271f4470dc0 Exception <a 'java/lang/NoSuchMethodError'{0x000000008a4df020}: 'java.lang.Object java.lang.invoke.DirectMethodHandle$Holder.newInvokeSpecial(java.lang.Object, java.lang.Object, java.lang.Object, java.lang.Object, java.lang.Object, java.lang.Object, int)'> (0x000000008a4df020) 
thrown [s\src\hotspot\share\interpreter\linkResolver.cpp, line 774]
Event: 1.776 Thread 0x00000271f4470dc0 Exception <a 'java/lang/NoSuchMethodError'{0x000000008a4e45e8}: 'java.lang.Object java.lang.invoke.DirectMethodHandle$Holder.invokeSpecial(java.lang.Object, java.lang.Object, java.lang.Object, java.lang.Object, java.lang.Object, java.lang.Object, java.lang.Object, int)'> (0x000000008a4e45e8) 
thrown [s\src\hotspot\share\interpreter\linkResolver.cpp, line 774]
Event: 1.842 Thread 0x00000271f4470dc0 Implicit null exception at 0x0000027187b36f0f to 0x0000027187b37184
Event: 1.855 Thread 0x00000271f4470dc0 Implicit null exception at 0x0000027187b51121 to 0x0000027187b512f0
Event: 1.855 Thread 0x00000271f4470dc0 Exception <a 'java/lang/NoSuchMethodError'{0x000000008a020bf8}: 'java.lang.Object java.lang.invoke.DirectMethodHandle$Holder.invokeSpecial(java.lang.Object, java.lang.Object, java.lang.Object, int, java.lang.Object)'> (0x000000008a020bf8) 
thrown [s\src\hotspot\share\interpreter\linkResolver.cpp, line 774]
Event: 1.856 Thread 0x00000271f4470dc0 Exception <a 'java/lang/NoSuchMethodError'{0x000000008a0296d0}: 'java.lang.Object java.lang.invoke.DirectMethodHandle$Holder.newInvokeSpecial(java.lang.Object, java.lang.Object, java.lang.Object, int, java.lang.Object)'> (0x000000008a0296d0) 
thrown [s\src\hotspot\share\interpreter\linkResolver.cpp, line 774]
Event: 1.857 Thread 0x00000271f4470dc0 Exception <a 'java/lang/NoSuchMethodError'{0x000000008a0318d0}: 'java.lang.Object java.lang.invoke.Invokers$Holder.linkToTargetMethod(java.lang.Object, java.lang.Object, int, java.lang.Object, java.lang.Object)'> (0x000000008a0318d0) 
thrown [s\src\hotspot\share\interpreter\linkResolver.cpp, line 774]
Event: 1.858 Thread 0x00000271f4470dc0 Exception <a 'java/lang/NoSuchMethodError'{0x000000008a040648}: 'java.lang.Object java.lang.invoke.DirectMethodHandle$Holder.newInvokeSpecial(java.lang.Object, int, java.lang.Object)'> (0x000000008a040648) 
thrown [s\src\hotspot\share\interpreter\linkResolver.cpp, line 774]
Event: 1.891 Thread 0x00000271f4470dc0 Exception <a 'java/lang/NoSuchMethodError'{0x0000000089f91810}: 'void java.lang.invoke.DirectMethodHandle$Holder.invokeStaticInit(java.lang.Object, java.lang.Object)'> (0x0000000089f91810) 
thrown [s\src\hotspot\share\interpreter\linkResolver.cpp, line 774]

VM Operations (20 events):
Event: 0.849 Executing VM operation: HandshakeAllThreads
Event: 0.849 Executing VM operation: HandshakeAllThreads done
Event: 0.879 Executing VM operation: HandshakeAllThreads
Event: 0.879 Executing VM operation: HandshakeAllThreads done
Event: 0.934 Executing VM operation: HandshakeAllThreads
Event: 0.934 Executing VM operation: HandshakeAllThreads done
Event: 1.430 Executing VM operation: HandshakeAllThreads
Event: 1.430 Executing VM operation: HandshakeAllThreads done
Event: 1.536 Executing VM operation: ICBufferFull
Event: 1.536 Executing VM operation: ICBufferFull done
Event: 1.559 Executing VM operation: G1CollectForAllocation
Event: 1.566 Executing VM operation: G1CollectForAllocation done
Event: 1.579 Executing VM operation: HandshakeAllThreads
Event: 1.579 Executing VM operation: HandshakeAllThreads done
Event: 1.601 Executing VM operation: HandshakeAllThreads
Event: 1.601 Executing VM operation: HandshakeAllThreads done
Event: 1.603 Executing VM operation: HandshakeAllThreads
Event: 1.603 Executing VM operation: HandshakeAllThreads done
Event: 1.763 Executing VM operation: HandshakeAllThreads
Event: 1.763 Executing VM operation: HandshakeAllThreads done

Events (16 events):
Event: 0.014 Thread 0x00000271f4470dc0 Thread added: 0x00000271f4470dc0
Event: 0.025 Thread 0x00000271fff03830 Thread added: 0x00000271fff03830
Event: 0.025 Thread 0x00000271fff04620 Thread added: 0x00000271fff04620
Event: 0.025 Thread 0x00000271fff07780 Thread added: 0x00000271fff07780
Event: 0.025 Thread 0x00000271fff0b1d0 Thread added: 0x00000271fff0b1d0
Event: 0.026 Thread 0x00000271fff0bb00 Thread added: 0x00000271fff0bb00
Event: 0.026 Thread 0x00000271fff10450 Thread added: 0x00000271fff10450
Event: 0.026 Thread 0x00000271fff150d0 Thread added: 0x00000271fff150d0
Event: 0.026 Thread 0x00000271fff16050 Thread added: 0x00000271fff16050
Event: 0.026 Thread 0x00000271fff2ea50 Thread added: 0x00000271fff2ea50
Event: 0.043 Thread 0x000002719720ec60 Thread added: 0x000002719720ec60
Event: 0.045 Thread 0x00000271972106f0 Thread added: 0x00000271972106f0
Event: 0.075 Thread 0x00000271972116e0 Thread added: 0x00000271972116e0
Event: 0.202 Thread 0x0000027197210c40 Thread added: 0x0000027197210c40
Event: 1.701 Thread 0x000002719720f1b0 Thread added: 0x000002719720f1b0
Event: 1.733 Thread 0x000002719720f1b0 Thread exited: 0x000002719720f1b0


Dynamic libraries:
0x00007ff72d010000 - 0x00007ff72d01d000 	C:\Users\ayesh\.jdks\corretto-19.0.2\bin\java.exe
0x00007ffa4a870000 - 0x00007ffa4aa87000 	C:\WINDOWS\SYSTEM32\ntdll.dll
0x00007ffa4a4f0000 - 0x00007ffa4a5b4000 	C:\WINDOWS\System32\KERNEL32.DLL
0x00007ffa48130000 - 0x00007ffa484d6000 	C:\WINDOWS\System32\KERNELBASE.dll
0x00007ffa47e30000 - 0x00007ffa47f41000 	C:\WINDOWS\System32\ucrtbase.dll
0x00007ffa340d0000 - 0x00007ffa340e5000 	C:\Users\ayesh\.jdks\corretto-19.0.2\bin\VCRUNTIME140.dll
0x00007ffa341b0000 - 0x00007ffa341c7000 	C:\Users\ayesh\.jdks\corretto-19.0.2\bin\jli.dll
0x00007ffa4a2b0000 - 0x00007ffa4a45d000 	C:\WINDOWS\System32\USER32.dll
0x00007ffa314b0000 - 0x00007ffa31743000 	C:\WINDOWS\WinSxS\amd64_microsoft.windows.common-controls_6595b64144ccf1df_6.0.22621.2361_none_2712ced57382f843\COMCTL32.dll
0x00007ffa49190000 - 0x00007ffa49237000 	C:\WINDOWS\System32\msvcrt.dll
0x00007ffa485a0000 - 0x00007ffa485c6000 	C:\WINDOWS\System32\win32u.dll
0x00007ffa485d0000 - 0x00007ffa485f9000 	C:\WINDOWS\System32\GDI32.dll
0x00007ffa47d10000 - 0x00007ffa47e28000 	C:\WINDOWS\System32\gdi32full.dll
0x00007ffa47c70000 - 0x00007ffa47d0a000 	C:\WINDOWS\System32\msvcp_win.dll
0x00007ffa489e0000 - 0x00007ffa48a11000 	C:\WINDOWS\System32\IMM32.DLL
0x00007ffa0a6d0000 - 0x00007ffa0a76b000 	C:\Users\ayesh\.jdks\corretto-19.0.2\bin\msvcp140.dll
0x00007ff9c8800000 - 0x00007ff9c94d9000 	C:\Users\ayesh\.jdks\corretto-19.0.2\bin\server\jvm.dll
0x00007ffa4a780000 - 0x00007ffa4a830000 	C:\WINDOWS\System32\ADVAPI32.dll
0x00007ffa4a5c0000 - 0x00007ffa4a666000 	C:\WINDOWS\System32\sechost.dll
0x00007ffa487e0000 - 0x00007ffa488f7000 	C:\WINDOWS\System32\RPCRT4.dll
0x00007ffa29580000 - 0x00007ffa29589000 	C:\WINDOWS\SYSTEM32\WSOCK32.dll
0x00007ffa30be0000 - 0x00007ffa30c14000 	C:\WINDOWS\SYSTEM32\WINMM.dll
0x00007ffa49ea0000 - 0x00007ffa49f11000 	C:\WINDOWS\System32\WS2_32.dll
0x00007ffa403d0000 - 0x00007ffa403da000 	C:\WINDOWS\SYSTEM32\VERSION.dll
0x00007ffa46c80000 - 0x00007ffa46c98000 	C:\WINDOWS\SYSTEM32\kernel.appcore.dll
0x00007ffa341a0000 - 0x00007ffa341aa000 	C:\Users\ayesh\.jdks\corretto-19.0.2\bin\jimage.dll
0x00007ffa42480000 - 0x00007ffa426ae000 	C:\WINDOWS\SYSTEM32\DBGHELP.DLL
0x00007ffa49f20000 - 0x00007ffa4a2aa000 	C:\WINDOWS\System32\combase.dll
0x00007ffa48900000 - 0x00007ffa489d7000 	C:\WINDOWS\System32\OLEAUT32.dll
0x00007ffa2d470000 - 0x00007ffa2d4a2000 	C:\WINDOWS\SYSTEM32\dbgcore.DLL
0x00007ffa47bf0000 - 0x00007ffa47c6a000 	C:\WINDOWS\System32\bcryptPrimitives.dll
0x00007ffa1b720000 - 0x00007ffa1b746000 	C:\Users\ayesh\.jdks\corretto-19.0.2\bin\java.dll
0x00007ffa08740000 - 0x00007ffa08816000 	C:\Users\ayesh\.jdks\corretto-19.0.2\bin\jsvml.dll
0x00007ffa49410000 - 0x00007ffa49c68000 	C:\WINDOWS\System32\SHELL32.dll
0x00007ffa45b00000 - 0x00007ffa463f2000 	C:\WINDOWS\SYSTEM32\windows.storage.dll
0x00007ffa459c0000 - 0x00007ffa45afe000 	C:\WINDOWS\SYSTEM32\wintypes.dll
0x00007ffa4a680000 - 0x00007ffa4a773000 	C:\WINDOWS\System32\SHCORE.dll
0x00007ffa48780000 - 0x00007ffa487de000 	C:\WINDOWS\System32\shlwapi.dll
0x00007ffa47b20000 - 0x00007ffa47b46000 	C:\WINDOWS\SYSTEM32\profapi.dll
0x00007ffa2ed20000 - 0x00007ffa2ed33000 	C:\Users\ayesh\.jdks\corretto-19.0.2\bin\net.dll
0x00007ffa40cc0000 - 0x00007ffa40df7000 	C:\WINDOWS\SYSTEM32\WINHTTP.dll
0x00007ffa47160000 - 0x00007ffa471c9000 	C:\WINDOWS\system32\mswsock.dll
0x00007ffa1b700000 - 0x00007ffa1b715000 	C:\Users\ayesh\.jdks\corretto-19.0.2\bin\nio.dll
0x00007ffa1b6c0000 - 0x00007ffa1b6d8000 	C:\Users\ayesh\.jdks\corretto-19.0.2\bin\zip.dll
0x00007ffa2e540000 - 0x00007ffa2e549000 	C:\Users\ayesh\.jdks\corretto-19.0.2\bin\management.dll
0x00007ffa28c20000 - 0x00007ffa28c2b000 	C:\Users\ayesh\.jdks\corretto-19.0.2\bin\management_ext.dll
0x00007ffa4a670000 - 0x00007ffa4a678000 	C:\WINDOWS\System32\PSAPI.DLL
0x00007ffa2fc30000 - 0x00007ffa2fc40000 	C:\Users\ayesh\.jdks\corretto-19.0.2\bin\verify.dll
0x00007ffa46660000 - 0x00007ffa4668d000 	C:\WINDOWS\SYSTEM32\IPHLPAPI.DLL
0x00007ffa49400000 - 0x00007ffa49409000 	C:\WINDOWS\System32\NSI.dll
0x00007ffa40880000 - 0x00007ffa40899000 	C:\WINDOWS\SYSTEM32\dhcpcsvc6.DLL
0x00007ffa406a0000 - 0x00007ffa406bf000 	C:\WINDOWS\SYSTEM32\dhcpcsvc.DLL
0x00007ffa466d0000 - 0x00007ffa467c9000 	C:\WINDOWS\SYSTEM32\DNSAPI.dll
0x00007ffa405a0000 - 0x00007ffa405aa000 	C:\Windows\System32\rasadhlp.dll
0x00007ffa400a0000 - 0x00007ffa40124000 	C:\WINDOWS\System32\fwpuclnt.dll
0x00007ffa22650000 - 0x00007ffa22667000 	C:\WINDOWS\system32\napinsp.dll
0x00007ffa225a0000 - 0x00007ffa225bb000 	C:\WINDOWS\system32\pnrpnsp.dll
0x00007ffa22580000 - 0x00007ffa22591000 	C:\WINDOWS\System32\winrnr.dll
0x00007ffa22560000 - 0x00007ffa22575000 	C:\WINDOWS\system32\wshbth.dll
0x00007ffa22530000 - 0x00007ffa22551000 	C:\WINDOWS\system32\nlansp_c.dll

dbghelp: loaded successfully - version: 4.0.5 - missing functions: none
symbol engine: initialized successfully - sym options: 0x614 - pdb path: .;C:\Users\ayesh\.jdks\corretto-19.0.2\bin;C:\WINDOWS\SYSTEM32;C:\WINDOWS\WinSxS\amd64_microsoft.windows.common-controls_6595b64144ccf1df_6.0.22621.2361_none_2712ced57382f843;C:\Users\ayesh\.jdks\corretto-19.0.2\bin\server

VM Arguments:
java_command: C:\Users\ayesh\AppData\Local\Temp\surefire7981039852842768445\surefirebooter11927773837275327081.jar C:\Users\ayesh\AppData\Local\Temp\surefire7981039852842768445 2023-11-09T16-11-37_613-jvmRun1 surefire1302488805815204629tmp surefire_017758264945232719765tmp
java_class_path (initial): C:\Users\ayesh\AppData\Local\Temp\surefire7981039852842768445\surefirebooter11927773837275327081.jar
Launcher Type: SUN_STANDARD

[Global flags]
     intx CICompilerCount                          = 4                                         {product} {ergonomic}
     uint ConcGCThreads                            = 2                                         {product} {ergonomic}
     uint G1ConcRefinementThreads                  = 8                                         {product} {ergonomic}
   size_t G1HeapRegionSize                         = 1048576                                   {product} {ergonomic}
    uintx GCDrainStackTargetSize                   = 64                                        {product} {ergonomic}
   size_t InitialHeapSize                          = 132120576                                 {product} {ergonomic}
   size_t MarkStackSize                            = 4194304                                   {product} {ergonomic}
   size_t MaxHeapSize                              = 2103443456                                {product} {ergonomic}
   size_t MaxNewSize                               = 1261436928                                {product} {ergonomic}
   size_t MinHeapDeltaBytes                        = 1048576                                   {product} {ergonomic}
   size_t MinHeapSize                              = 8388608                                   {product} {ergonomic}
    uintx NonNMethodCodeHeapSize                   = 5839372                                {pd product} {ergonomic}
    uintx NonProfiledCodeHeapSize                  = 122909434                              {pd product} {ergonomic}
    uintx ProfiledCodeHeapSize                     = 122909434                              {pd product} {ergonomic}
    uintx ReservedCodeCacheSize                    = 251658240                              {pd product} {ergonomic}
     bool SegmentedCodeCache                       = true                                      {product} {ergonomic}
   size_t SoftMaxHeapSize                          = 2103443456                             {manageable} {ergonomic}
     bool UseCompressedClassPointers               = true                           {product lp64_product} {ergonomic}
     bool UseCompressedOops                        = true                           {product lp64_product} {ergonomic}
     bool UseG1GC                                  = true                                      {product} {ergonomic}
     bool UseLargePagesIndividualAllocation        = false                                  {pd product} {ergonomic}

Logging:
Log output configuration:
 #0: stdout all=warning uptime,level,tags foldmultilines=false
 #1: stderr all=off uptime,level,tags foldmultilines=false

Environment Variables:
PATH=C:\Program Files\Common Files\Oracle\Java\javapath;C:\Windows\system32;C:\Windows;C:\Windows\System32\Wbem;C:\Windows\System32\WindowsPowerShell\v1.0\;C:\Windows\System32\OpenSSH\;C:\Program Files (x86)\NVIDIA Corporation\PhysX\Common;C:\Program Files\NVIDIA Corporation\NVIDIA NvDLISR;C:\WINDOWS\system32;C:\WINDOWS;C:\WINDOWS\System32\Wbem;C:\WINDOWS\System32\WindowsPowerShell\v1.0\;C:\WINDOWS\System32\OpenSSH\;C:\Program Files\nodejs\;C:\Program Files\Git\cmd;C:\Program Files\Docker\Docker\resources\bin;d:\Kubernetes\Minikube;C:\Program Files\MySQL\MySQL Shell 8.0\bin\;C:\Users\ayesh\AppData\Local\Microsoft\WindowsApps;C:\Users\ayesh\AppData\Roaming\npm;C:\Users\ayesh\AppData\Local\GitHubDesktop\bin;D:\JetBrains\IntelliJ IDEA Community Edition 2023.2.1\bin;;d:\AppData\Local\Programs\Microsoft VS Code\bin;D:\JetBrains\IntelliJ IDEA\bin;
USERNAME=ayesh
OS=Windows_NT
PROCESSOR_IDENTIFIER=Intel64 Family 6 Model 142 Stepping 12, GenuineIntel
TMP=C:\Users\ayesh\AppData\Local\Temp
TEMP=C:\Users\ayesh\AppData\Local\Temp



---------------  S Y S T E M  ---------------

OS:
 Windows 11 , 64 bit Build 22621 (10.0.22621.2428)
OS uptime: 25 days 9:22 hours
Hyper-V role detected

CPU: total 8 (initial active 8) (4 cores per cpu, 2 threads per core) family 6 model 142 stepping 12 microcode 0xde, cx8, cmov, fxsr, ht, mmx, 3dnowpref, sse, sse2, sse3, ssse3, sse4.1, sse4.2, popcnt, lzcnt, tsc, tscinvbit, avx, avx2, aes, erms, clmul, bmi1, bmi2, adx, fma, vzeroupper, clflush, clflushopt, hv, rdtscp

Memory: 4k page, system-wide physical 8022M (251M free)
TotalPageFile size 26772M (AvailPageFile size 5M)
current process WorkingSet (physical memory assigned to process): 113M, peak: 113M
current process commit charge ("private bytes"): 248M, peak: 248M

vm_info: OpenJDK 64-Bit Server VM (19.0.2+7-FR) for windows-amd64 JRE (19.0.2+7-FR), built on Jan 13 2023 22:53:32 by "Administrator" with MS VC++ 15.9 (VS2017)

END.
