#
# There is insufficient memory for the Java Runtime Environment to continue.
# Native memory allocation (malloc) failed to allocate 1422576 bytes for Chunk::new
# Possible reasons:
#   The system is out of physical RAM or swap space
#   The process is running with CompressedOops enabled, and the Java Heap may be blocking the growth of the native heap
# Possible solutions:
#   Reduce memory load on the system
#   Increase physical memory or swap space
#   Check if swap backing store is full
#   Decrease Java heap size (-Xmx/-Xms)
#   Decrease number of Java threads
#   Decrease Java thread stack sizes (-Xss)
#   Set larger code cache with -XX:ReservedCodeCacheSize=
#   JVM is running with Unscaled Compressed Oops mode in which the Java heap is
#     placed in the first 4GB address space. The Java Heap base address is the
#     maximum limit for the native heap growth. Please use -XX:HeapBaseMinAddress
#     to set the Java Heap base and to place the Java Heap above 4GB virtual address.
# This output file may be truncated or incomplete.
#
#  Out of Memory Error (arena.cpp:184), pid=21892, tid=23232
#
# JRE version: OpenJDK Runtime Environment Corretto-19.0.2.7.1 (19.0.2+7) (build 19.0.2+7-FR)
# Java VM: OpenJDK 64-Bit Server VM Corretto-19.0.2.7.1 (19.0.2+7-FR, mixed mode, sharing, tiered, compressed oops, compressed class ptrs, g1 gc, windows-amd64)
# No core dump will be written. Minidumps are not enabled by default on client versions of Windows
#

---------------  S U M M A R Y ------------

Command Line: C:\Users\ayesh\AppData\Local\Temp\surefire7612416820920606231\surefirebooter1994346438819642656.jar C:\Users\ayesh\AppData\Local\Temp\surefire7612416820920606231 2023-11-09T15-26-16_426-jvmRun1 surefire15722288214937647786tmp surefire_06474796456747165223tmp

Host: Intel(R) Core(TM) i7-10510U CPU @ 1.80GHz, 8 cores, 7G,  Windows 11 , 64 bit Build 22621 (10.0.22621.2428)
Time: Thu Nov  9 15:26:28 2023 Eastern Standard Time elapsed time: 10.862051 seconds (0d 0h 0m 10s)

---------------  T H R E A D  ---------------

Current thread (0x000001dc42d485f0):  JavaThread "C2 CompilerThread1" daemon [_thread_in_native, id=23232, stack(0x0000001e7c200000,0x0000001e7c300000)]


Current CompileTask:
C2:  10862 4292       4       org.springframework.core.ResolvableType::forType (115 bytes)

Stack: [0x0000001e7c200000,0x0000001e7c300000]
Native frames: (J=compiled Java code, j=interpreted, Vv=VM code, C=native code)
V  [jvm.dll+0x6d034a]
V  [jvm.dll+0x880f10]
V  [jvm.dll+0x88289e]
V  [jvm.dll+0x882f43]
V  [jvm.dll+0x27b4bb]
V  [jvm.dll+0xdd792]
V  [jvm.dll+0xddb25]
V  [jvm.dll+0x3b4a21]
V  [jvm.dll+0x37c86a]
V  [jvm.dll+0x37bc5a]
V  [jvm.dll+0x2470ef]
V  [jvm.dll+0x2465a7]
V  [jvm.dll+0x1d4bb7]
V  [jvm.dll+0x25558a]
V  [jvm.dll+0x2538d7]
V  [jvm.dll+0x8342bd]
V  [jvm.dll+0x82e2fa]
V  [jvm.dll+0x6cf0d3]
C  [ucrtbase.dll+0x29363]
C  [KERNEL32.DLL+0x1257d]
C  [ntdll.dll+0x5aa78]


---------------  P R O C E S S  ---------------

Threads class SMR info:
_java_thread_list=0x000001dc48616580, length=15, elements={
0x000001dc242c3950, 0x000001dc42d19a90, 0x000001dc42d1a920, 0x000001dc42d1cb50,
0x000001dc42d205a0, 0x000001dc42d23860, 0x000001dc42d26340, 0x000001dc42d47a90,
0x000001dc42d48b80, 0x000001dc42d50160, 0x000001dc47100250, 0x000001dc47107c50,
0x000001dc47134f80, 0x000001dc472abb50, 0x000001dc42d485f0
}

Java Threads: ( => current thread )
  0x000001dc242c3950 JavaThread "main" [_thread_in_native, id=12960, stack(0x0000001e7a600000,0x0000001e7a700000)]
  0x000001dc42d19a90 JavaThread "Reference Handler" daemon [_thread_blocked, id=26396, stack(0x0000001e7ad00000,0x0000001e7ae00000)]
  0x000001dc42d1a920 JavaThread "Finalizer" daemon [_thread_blocked, id=3552, stack(0x0000001e7ae00000,0x0000001e7af00000)]
  0x000001dc42d1cb50 JavaThread "Signal Dispatcher" daemon [_thread_blocked, id=20312, stack(0x0000001e7af00000,0x0000001e7b000000)]
  0x000001dc42d205a0 JavaThread "Attach Listener" daemon [_thread_blocked, id=13952, stack(0x0000001e7b000000,0x0000001e7b100000)]
  0x000001dc42d23860 JavaThread "Service Thread" daemon [_thread_blocked, id=25200, stack(0x0000001e7b100000,0x0000001e7b200000)]
  0x000001dc42d26340 JavaThread "Monitor Deflation Thread" daemon [_thread_blocked, id=23064, stack(0x0000001e7b200000,0x0000001e7b300000)]
  0x000001dc42d47a90 JavaThread "C2 CompilerThread0" daemon [_thread_in_native, id=16360, stack(0x0000001e7b300000,0x0000001e7b400000)]
  0x000001dc42d48b80 JavaThread "C1 CompilerThread0" daemon [_thread_blocked, id=13788, stack(0x0000001e7b400000,0x0000001e7b500000)]
  0x000001dc42d50160 JavaThread "Sweeper thread" daemon [_thread_blocked, id=26860, stack(0x0000001e7b500000,0x0000001e7b600000)]
  0x000001dc47100250 JavaThread "Notification Thread" daemon [_thread_blocked, id=17400, stack(0x0000001e7b600000,0x0000001e7b700000)]
  0x000001dc47107c50 JavaThread "Common-Cleaner" daemon [_thread_blocked, id=972, stack(0x0000001e7b800000,0x0000001e7b900000)]
  0x000001dc47134f80 JavaThread "surefire-forkedjvm-command-thread" daemon [_thread_in_native, id=26368, stack(0x0000001e7b900000,0x0000001e7ba00000)]
  0x000001dc472abb50 JavaThread "surefire-forkedjvm-ping-30s" daemon [_thread_blocked, id=11896, stack(0x0000001e7bb00000,0x0000001e7bc00000)]
=>0x000001dc42d485f0 JavaThread "C2 CompilerThread1" daemon [_thread_in_native, id=23232, stack(0x0000001e7c200000,0x0000001e7c300000)]

Other Threads:
  0x000001dc42d02100 VMThread "VM Thread" [stack: 0x0000001e7ac00000,0x0000001e7ad00000] [id=24828]
  0x000001dc471027a0 WatcherThread "VM Periodic Task Thread" [stack: 0x0000001e7b700000,0x0000001e7b800000] [id=7848]
  0x000001dc243236f0 WorkerThread "GC Thread#0" [stack: 0x0000001e7a700000,0x0000001e7a800000] [id=10992]
  0x000001dc47bcc3e0 WorkerThread "GC Thread#1" [stack: 0x0000001e7ba00000,0x0000001e7bb00000] [id=28100]
  0x000001dc47bcbb70 WorkerThread "GC Thread#2" [stack: 0x0000001e7bc00000,0x0000001e7bd00000] [id=15936]
  0x000001dc47bcc980 WorkerThread "GC Thread#3" [stack: 0x0000001e7bd00000,0x0000001e7be00000] [id=11792]
  0x000001dc47bcb5d0 WorkerThread "GC Thread#4" [stack: 0x0000001e7be00000,0x0000001e7bf00000] [id=1936]
  0x000001dc47bcc6b0 WorkerThread "GC Thread#5" [stack: 0x0000001e7bf00000,0x0000001e7c000000] [id=20824]
  0x000001dc47bcb8a0 WorkerThread "GC Thread#6" [stack: 0x0000001e7c000000,0x0000001e7c100000] [id=8000]
  0x000001dc47bccc50 WorkerThread "GC Thread#7" [stack: 0x0000001e7c100000,0x0000001e7c200000] [id=12972]
  0x000001dc243342b0 ConcurrentGCThread "G1 Main Marker" [stack: 0x0000001e7a800000,0x0000001e7a900000] [id=8828]
  0x000001dc24336530 WorkerThread "G1 Conc#0" [stack: 0x0000001e7a900000,0x0000001e7aa00000] [id=28632]
  0x000001dc47bcb300 WorkerThread "G1 Conc#1" [stack: 0x0000001e7c400000,0x0000001e7c500000] [id=25192]
  0x000001dc42bb9500 ConcurrentGCThread "G1 Refine#0" [stack: 0x0000001e7aa00000,0x0000001e7ab00000] [id=1776]
  0x000001dc42bb9cf0 ConcurrentGCThread "G1 Service" [stack: 0x0000001e7ab00000,0x0000001e7ac00000] [id=29940]

Threads with active compile tasks:
C2 CompilerThread0    10919 4388       4       org.springframework.core.annotation.TypeMappedAnnotations::from (24 bytes)
C2 CompilerThread1    10920 4292       4       org.springframework.core.ResolvableType::forType (115 bytes)

VM state: not at safepoint (normal execution)

VM Mutex/Monitor currently owned by a thread: None

Heap address: 0x0000000082a00000, size: 2006 MB, Compressed Oops mode: 32-bit

CDS archive(s) mapped at: [0x0000000800000000-0x0000000800c40000-0x0000000800c40000), size 12845056, SharedBaseAddress: 0x0000000800000000, ArchiveRelocationMode: 0.
Compressed class space mapped at: 0x0000000801000000-0x0000000841000000, reserved size: 1073741824
Narrow klass base: 0x0000000800000000, Narrow klass shift: 0, Narrow klass range: 0x100000000

GC Precious Log:
 CardTable entry size: 512
 Card Set container configuration: InlinePtr #cards 5 size 8 Array Of Cards #cards 12 size 40 Howl #buckets 4 coarsen threshold 1843 Howl Bitmap #cards 512 size 80 coarsen threshold 460 Card regions per heap region 1 cards per card region 2048
 CPUs: 8 total, 8 available
 Memory: 8022M
 Large Page Support: Disabled
 NUMA Support: Disabled
 Compressed Oops: Enabled (32-bit)
 Heap Region Size: 1M
 Heap Min Capacity: 8M
 Heap Initial Capacity: 126M
 Heap Max Capacity: 2006M
 Pre-touch: Disabled
 Parallel Workers: 8
 Concurrent Workers: 2
 Concurrent Refinement Workers: 8
 Periodic GC: Disabled

Heap:
 garbage-first heap   total 55296K, used 35485K [0x0000000082a00000, 0x0000000100000000)
  region size 1024K, 16 young (16384K), 2 survivors (2048K)
 Metaspace       used 35444K, committed 35904K, reserved 1114112K
  class space    used 4528K, committed 4736K, reserved 1048576K

Heap Regions: E=young(eden), S=young(survivor), O=old, HS=humongous(starts), HC=humongous(continues), CS=collection set, F=free, OA=open archive, CA=closed archive, TAMS=top-at-mark-start (previous, next)
|   0|0x0000000082a00000, 0x0000000082b00000, 0x0000000082b00000|100%| O|  |TAMS 0x0000000082b00000, 0x0000000082a00000| Untracked 
|   1|0x0000000082b00000, 0x0000000082c00000, 0x0000000082c00000|100%| O|  |TAMS 0x0000000082c00000, 0x0000000082b00000| Untracked 
|   2|0x0000000082c00000, 0x0000000082d00000, 0x0000000082d00000|100%| O|  |TAMS 0x0000000082d00000, 0x0000000082c00000| Untracked 
|   3|0x0000000082d00000, 0x0000000082e00000, 0x0000000082e00000|100%| O|  |TAMS 0x0000000082e00000, 0x0000000082d00000| Untracked 
|   4|0x0000000082e00000, 0x0000000082f00000, 0x0000000082f00000|100%| O|  |TAMS 0x0000000082f00000, 0x0000000082e00000| Untracked 
|   5|0x0000000082f00000, 0x0000000083000000, 0x0000000083000000|100%| O|  |TAMS 0x0000000083000000, 0x0000000082f00000| Untracked 
|   6|0x0000000083000000, 0x0000000083100000, 0x0000000083100000|100%| O|  |TAMS 0x0000000083100000, 0x0000000083000000| Untracked 
|   7|0x0000000083100000, 0x0000000083200000, 0x0000000083200000|100%| O|  |TAMS 0x0000000083200000, 0x0000000083100000| Untracked 
|   8|0x0000000083200000, 0x0000000083300000, 0x0000000083300000|100%| O|  |TAMS 0x0000000083200000, 0x0000000083200000| Untracked 
|   9|0x0000000083300000, 0x0000000083400000, 0x0000000083400000|100%| O|  |TAMS 0x0000000083300000, 0x0000000083300000| Untracked 
|  10|0x0000000083400000, 0x0000000083500000, 0x0000000083500000|100%| O|  |TAMS 0x0000000083400000, 0x0000000083400000| Untracked 
|  11|0x0000000083500000, 0x0000000083600000, 0x0000000083600000|100%| O|  |TAMS 0x0000000083500000, 0x0000000083500000| Untracked 
|  12|0x0000000083600000, 0x0000000083700000, 0x0000000083700000|100%| O|  |TAMS 0x0000000083600000, 0x0000000083600000| Untracked 
|  13|0x0000000083700000, 0x0000000083800000, 0x0000000083800000|100%| O|  |TAMS 0x0000000083700000, 0x0000000083700000| Untracked 
|  14|0x0000000083800000, 0x0000000083900000, 0x0000000083900000|100%| O|  |TAMS 0x0000000083800000, 0x0000000083800000| Untracked 
|  15|0x0000000083900000, 0x0000000083a00000, 0x0000000083a00000|100%| O|  |TAMS 0x0000000083900000, 0x0000000083900000| Untracked 
|  16|0x0000000083a00000, 0x0000000083b00000, 0x0000000083b00000|100%| O|  |TAMS 0x0000000083a00000, 0x0000000083a00000| Untracked 
|  17|0x0000000083b00000, 0x0000000083c00000, 0x0000000083c00000|100%| O|  |TAMS 0x0000000083b00000, 0x0000000083b00000| Untracked 
|  18|0x0000000083c00000, 0x0000000083d00000, 0x0000000083d00000|100%| O|  |TAMS 0x0000000083c00000, 0x0000000083c00000| Untracked 
|  19|0x0000000083d00000, 0x0000000083da7600, 0x0000000083e00000| 65%| O|  |TAMS 0x0000000083d00000, 0x0000000083d00000| Untracked 
|  20|0x0000000083e00000, 0x0000000083e00000, 0x0000000083f00000|  0%| F|  |TAMS 0x0000000083e00000, 0x0000000083e00000| Untracked 
|  21|0x0000000083f00000, 0x0000000083f00000, 0x0000000084000000|  0%| F|  |TAMS 0x0000000083f00000, 0x0000000083f00000| Untracked 
|  22|0x0000000084000000, 0x0000000084000000, 0x0000000084100000|  0%| F|  |TAMS 0x0000000084000000, 0x0000000084000000| Untracked 
|  23|0x0000000084100000, 0x0000000084100000, 0x0000000084200000|  0%| F|  |TAMS 0x0000000084100000, 0x0000000084100000| Untracked 
|  24|0x0000000084200000, 0x0000000084200000, 0x0000000084300000|  0%| F|  |TAMS 0x0000000084200000, 0x0000000084200000| Untracked 
|  25|0x0000000084300000, 0x0000000084300000, 0x0000000084400000|  0%| F|  |TAMS 0x0000000084300000, 0x0000000084300000| Untracked 
|  26|0x0000000084400000, 0x0000000084400000, 0x0000000084500000|  0%| F|  |TAMS 0x0000000084400000, 0x0000000084400000| Untracked 
|  27|0x0000000084500000, 0x0000000084500000, 0x0000000084600000|  0%| F|  |TAMS 0x0000000084500000, 0x0000000084500000| Untracked 
|  28|0x0000000084600000, 0x0000000084600000, 0x0000000084700000|  0%| F|  |TAMS 0x0000000084600000, 0x0000000084600000| Untracked 
|  29|0x0000000084700000, 0x0000000084700000, 0x0000000084800000|  0%| F|  |TAMS 0x0000000084700000, 0x0000000084700000| Untracked 
|  30|0x0000000084800000, 0x0000000084800000, 0x0000000084900000|  0%| F|  |TAMS 0x0000000084800000, 0x0000000084800000| Untracked 
|  31|0x0000000084900000, 0x0000000084900000, 0x0000000084a00000|  0%| F|  |TAMS 0x0000000084900000, 0x0000000084900000| Untracked 
|  32|0x0000000084a00000, 0x0000000084a00000, 0x0000000084b00000|  0%| F|  |TAMS 0x0000000084a00000, 0x0000000084a00000| Untracked 
|  33|0x0000000084b00000, 0x0000000084c00000, 0x0000000084c00000|100%| S|CS|TAMS 0x0000000084b00000, 0x0000000084b00000| Complete 
|  34|0x0000000084c00000, 0x0000000084c00000, 0x0000000084d00000|  0%| F|  |TAMS 0x0000000084c00000, 0x0000000084c00000| Untracked 
|  35|0x0000000084d00000, 0x0000000084e00000, 0x0000000084e00000|100%| S|CS|TAMS 0x0000000084d00000, 0x0000000084d00000| Complete 
|  36|0x0000000084e00000, 0x0000000084e00000, 0x0000000084f00000|  0%| F|  |TAMS 0x0000000084e00000, 0x0000000084e00000| Untracked 
|  37|0x0000000084f00000, 0x0000000084f00000, 0x0000000085000000|  0%| F|  |TAMS 0x0000000084f00000, 0x0000000084f00000| Untracked 
|  38|0x0000000085000000, 0x0000000085000000, 0x0000000085100000|  0%| F|  |TAMS 0x0000000085000000, 0x0000000085000000| Untracked 
|  39|0x0000000085100000, 0x0000000085100000, 0x0000000085200000|  0%| F|  |TAMS 0x0000000085100000, 0x0000000085100000| Untracked 
|  40|0x0000000085200000, 0x00000000852b34f0, 0x0000000085300000| 70%| E|  |TAMS 0x0000000085200000, 0x0000000085200000| Complete 
|  41|0x0000000085300000, 0x0000000085400000, 0x0000000085400000|100%| E|CS|TAMS 0x0000000085300000, 0x0000000085300000| Complete 
|  42|0x0000000085400000, 0x0000000085500000, 0x0000000085500000|100%| E|CS|TAMS 0x0000000085400000, 0x0000000085400000| Complete 
|  43|0x0000000085500000, 0x0000000085600000, 0x0000000085600000|100%| E|CS|TAMS 0x0000000085500000, 0x0000000085500000| Complete 
|  44|0x0000000085600000, 0x0000000085700000, 0x0000000085700000|100%| E|CS|TAMS 0x0000000085600000, 0x0000000085600000| Complete 
|  45|0x0000000085700000, 0x0000000085800000, 0x0000000085800000|100%| E|CS|TAMS 0x0000000085700000, 0x0000000085700000| Complete 
|  46|0x0000000085800000, 0x0000000085900000, 0x0000000085900000|100%| E|CS|TAMS 0x0000000085800000, 0x0000000085800000| Complete 
|  74|0x0000000087400000, 0x0000000087500000, 0x0000000087500000|100%| E|CS|TAMS 0x0000000087400000, 0x0000000087400000| Complete 
|  75|0x0000000087500000, 0x0000000087600000, 0x0000000087600000|100%| E|CS|TAMS 0x0000000087500000, 0x0000000087500000| Complete 
|  76|0x0000000087600000, 0x0000000087700000, 0x0000000087700000|100%| E|CS|TAMS 0x0000000087600000, 0x0000000087600000| Complete 
|  77|0x0000000087700000, 0x0000000087800000, 0x0000000087800000|100%| E|CS|TAMS 0x0000000087700000, 0x0000000087700000| Complete 
|  78|0x0000000087800000, 0x0000000087900000, 0x0000000087900000|100%| E|CS|TAMS 0x0000000087800000, 0x0000000087800000| Complete 
| 124|0x000000008a600000, 0x000000008a700000, 0x000000008a700000|100%| E|CS|TAMS 0x000000008a600000, 0x000000008a600000| Complete 
| 125|0x000000008a700000, 0x000000008a800000, 0x000000008a800000|100%| E|CS|TAMS 0x000000008a700000, 0x000000008a700000| Complete 

Card table byte_map: [0x000001dc3bbd0000,0x000001dc3bfc0000] _byte_map_base: 0x000001dc3b7bb000

Marking Bits (Prev, Next): (CMBitMap*) 0x000001dc24323d60, (CMBitMap*) 0x000001dc24323d20
 Prev Bits: [0x000001dc3e310000, 0x000001dc40268000)
 Next Bits: [0x000001dc3c3b0000, 0x000001dc3e308000)

Polling page: 0x000001dc23a90000

Metaspace:

Usage:
  Non-class:     30.21 MB used.
      Class:      4.42 MB used.
       Both:     34.63 MB used.

Virtual space:
  Non-class space:       64.00 MB reserved,      30.44 MB ( 48%) committed,  1 nodes.
      Class space:        1.00 GB reserved,       4.63 MB ( <1%) committed,  1 nodes.
             Both:        1.06 GB reserved,      35.06 MB (  3%) committed. 

Chunk freelists:
   Non-Class:  848.00 KB
       Class:  3.42 MB
        Both:  4.25 MB

MaxMetaspaceSize: unlimited
CompressedClassSpaceSize: 1.00 GB
Initial GC threshold: 21.00 MB
Current GC threshold: 35.13 MB
CDS: on
MetaspaceReclaimPolicy: balanced
 - commit_granule_bytes: 65536.
 - commit_granule_words: 8192.
 - virtual_space_node_default_size: 8388608.
 - enlarge_chunks_in_place: 1.
 - new_chunks_are_fully_committed: 0.
 - uncommit_free_chunks: 1.
 - use_allocation_guard: 0.


Internal statistics:

num_allocs_failed_limit: 3.
num_arena_births: 434.
num_arena_deaths: 0.
num_vsnodes_births: 2.
num_vsnodes_deaths: 0.
num_space_committed: 561.
num_space_uncommitted: 0.
num_chunks_returned_to_freelist: 3.
num_chunks_taken_from_freelist: 1667.
num_chunk_merges: 3.
num_chunk_splits: 1149.
num_chunks_enlarged: 921.
num_inconsistent_stats: 0.

CodeHeap 'non-profiled nmethods': size=120000Kb used=2167Kb max_used=2167Kb free=117833Kb
 bounds [0x000001dc33f80000, 0x000001dc341f0000, 0x000001dc3b4b0000]
CodeHeap 'profiled nmethods': size=120000Kb used=9933Kb max_used=9933Kb free=110066Kb
 bounds [0x000001dc2c4b0000, 0x000001dc2ce70000, 0x000001dc339e0000]
CodeHeap 'non-nmethods': size=5760Kb used=1307Kb max_used=1385Kb free=4452Kb
 bounds [0x000001dc339e0000, 0x000001dc33c50000, 0x000001dc33f80000]
 total_blobs=4928 nmethods=4395 adapters=442
 compilation: enabled
              stopped_count=0, restarted_count=0
 full_count=0

Compilation events (20 events):
Event: 10.814 Thread 0x000001dc42d48b80 nmethod 4375 0x000001dc2ce47510 code [0x000001dc2ce476e0, 0x000001dc2ce47a88]
Event: 10.814 Thread 0x000001dc42d48b80 4376       3       java.lang.Class::lambda$methodToString$0 (15 bytes)
Event: 10.814 Thread 0x000001dc42d48b80 nmethod 4376 0x000001dc2ce47b90 code [0x000001dc2ce47d40, 0x000001dc2ce47f68]
Event: 10.815 Thread 0x000001dc42d48b80 4377       3       java.util.ArrayList::isClear (21 bytes)
Event: 10.815 Thread 0x000001dc42d48b80 nmethod 4377 0x000001dc2ce48090 code [0x000001dc2ce48240, 0x000001dc2ce483d8]
Event: 10.816 Thread 0x000001dc42d47a90 4378   !   4       org.springframework.core.annotation.AnnotationsScanner::processClassHierarchy (227 bytes)
Event: 10.819 Thread 0x000001dc42d48b80 4379       3       org.springframework.core.MethodParameter::getParameterType (48 bytes)
Event: 10.820 Thread 0x000001dc42d48b80 nmethod 4379 0x000001dc2ce48490 code [0x000001dc2ce48680, 0x000001dc2ce48c78]
Event: 10.820 Thread 0x000001dc42d48b80 4380   !   3       jdk.proxy2.$Proxy66::annotationType (29 bytes)
Event: 10.821 Thread 0x000001dc42d48b80 nmethod 4380 0x000001dc2ce48e10 code [0x000001dc2ce48fe0, 0x000001dc2ce493d8]
Event: 10.844 Thread 0x000001dc42d48b80 4381       3       java.beans.FeatureDescriptor::addTable (20 bytes)
Event: 10.844 Thread 0x000001dc42d48b80 nmethod 4381 0x000001dc2ce49590 code [0x000001dc2ce497a0, 0x000001dc2ce49cc8]
Event: 10.845 Thread 0x000001dc42d48b80 4382       3       sun.reflect.generics.reflectiveObjects.LazyReflectiveObjectGenerator::<init> (10 bytes)
Event: 10.845 Thread 0x000001dc42d48b80 nmethod 4382 0x000001dc2ce49e90 code [0x000001dc2ce4a040, 0x000001dc2ce4a1f8]
Event: 10.845 Thread 0x000001dc42d48b80 4383  s    3       java.util.Hashtable::isEmpty (13 bytes)
Event: 10.846 Thread 0x000001dc42d48b80 nmethod 4383 0x000001dc2ce4a290 code [0x000001dc2ce4a440, 0x000001dc2ce4a658]
Event: 10.846 Thread 0x000001dc42d48b80 4385       3       org.springframework.core.MethodParameter::<init> (99 bytes)
Event: 10.846 Thread 0x000001dc42d48b80 nmethod 4385 0x000001dc2ce4a710 code [0x000001dc2ce4a900, 0x000001dc2ce4af68]
Event: 10.846 Thread 0x000001dc42d48b80 4384       3       java.util.Hashtable::getIterator (22 bytes)
Event: 10.847 Thread 0x000001dc42d48b80 nmethod 4384 0x000001dc2ce4b110 code [0x000001dc2ce4b2c0, 0x000001dc2ce4b548]

GC Heap History (16 events):
Event: 1.601 GC heap before
{Heap before GC invocations=0 (full 0):
 garbage-first heap   total 129024K, used 23552K [0x0000000082a00000, 0x0000000100000000)
  region size 1024K, 23 young (23552K), 0 survivors (0K)
 Metaspace       used 4466K, committed 4672K, reserved 1114112K
  class space    used 491K, committed 576K, reserved 1048576K
}
Event: 1.613 GC heap after
{Heap after GC invocations=1 (full 0):
 garbage-first heap   total 129024K, used 8697K [0x0000000082a00000, 0x0000000100000000)
  region size 1024K, 3 young (3072K), 3 survivors (3072K)
 Metaspace       used 4466K, committed 4672K, reserved 1114112K
  class space    used 491K, committed 576K, reserved 1048576K
}
Event: 3.506 GC heap before
{Heap before GC invocations=1 (full 0):
 garbage-first heap   total 129024K, used 33273K [0x0000000082a00000, 0x0000000100000000)
  region size 1024K, 27 young (27648K), 3 survivors (3072K)
 Metaspace       used 11229K, committed 11392K, reserved 1114112K
  class space    used 1350K, committed 1408K, reserved 1048576K
}
Event: 3.518 GC heap after
{Heap after GC invocations=2 (full 0):
 garbage-first heap   total 129024K, used 10031K [0x0000000082a00000, 0x0000000100000000)
  region size 1024K, 2 young (2048K), 2 survivors (2048K)
 Metaspace       used 11229K, committed 11392K, reserved 1114112K
  class space    used 1350K, committed 1408K, reserved 1048576K
}
Event: 5.677 GC heap before
{Heap before GC invocations=2 (full 0):
 garbage-first heap   total 129024K, used 54063K [0x0000000082a00000, 0x0000000100000000)
  region size 1024K, 47 young (48128K), 2 survivors (2048K)
 Metaspace       used 21278K, committed 21504K, reserved 1114112K
  class space    used 2697K, committed 2816K, reserved 1048576K
}
Event: 5.689 GC heap after
{Heap after GC invocations=3 (full 0):
 garbage-first heap   total 129024K, used 13438K [0x0000000082a00000, 0x0000000100000000)
  region size 1024K, 5 young (5120K), 5 survivors (5120K)
 Metaspace       used 21278K, committed 21504K, reserved 1114112K
  class space    used 2697K, committed 2816K, reserved 1048576K
}
Event: 6.607 GC heap before
{Heap before GC invocations=4 (full 0):
 garbage-first heap   total 55296K, used 40062K [0x0000000082a00000, 0x0000000100000000)
  region size 1024K, 32 young (32768K), 5 survivors (5120K)
 Metaspace       used 26606K, committed 26880K, reserved 1114112K
  class space    used 3289K, committed 3392K, reserved 1048576K
}
Event: 6.625 GC heap after
{Heap after GC invocations=5 (full 0):
 garbage-first heap   total 55296K, used 16146K [0x0000000082a00000, 0x0000000100000000)
  region size 1024K, 3 young (3072K), 3 survivors (3072K)
 Metaspace       used 26606K, committed 26880K, reserved 1114112K
  class space    used 3289K, committed 3392K, reserved 1048576K
}
Event: 6.679 GC heap before
{Heap before GC invocations=5 (full 0):
 garbage-first heap   total 55296K, used 17170K [0x0000000082a00000, 0x0000000100000000)
  region size 1024K, 4 young (4096K), 3 survivors (3072K)
 Metaspace       used 26733K, committed 27008K, reserved 1114112K
  class space    used 3308K, committed 3456K, reserved 1048576K
}
Event: 6.689 GC heap after
{Heap after GC invocations=6 (full 0):
 garbage-first heap   total 55296K, used 16659K [0x0000000082a00000, 0x0000000100000000)
  region size 1024K, 1 young (1024K), 1 survivors (1024K)
 Metaspace       used 26733K, committed 27008K, reserved 1114112K
  class space    used 3308K, committed 3456K, reserved 1048576K
}
Event: 8.027 GC heap before
{Heap before GC invocations=6 (full 0):
 garbage-first heap   total 55296K, used 35091K [0x0000000082a00000, 0x0000000100000000)
  region size 1024K, 20 young (20480K), 1 survivors (1024K)
 Metaspace       used 29866K, committed 30208K, reserved 1114112K
  class space    used 3713K, committed 3840K, reserved 1048576K
}
Event: 8.035 GC heap after
{Heap after GC invocations=7 (full 0):
 garbage-first heap   total 55296K, used 17729K [0x0000000082a00000, 0x0000000100000000)
  region size 1024K, 2 young (2048K), 2 survivors (2048K)
 Metaspace       used 29866K, committed 30208K, reserved 1114112K
  class space    used 3713K, committed 3840K, reserved 1048576K
}
Event: 9.081 GC heap before
{Heap before GC invocations=7 (full 0):
 garbage-first heap   total 55296K, used 37185K [0x0000000082a00000, 0x0000000100000000)
  region size 1024K, 21 young (21504K), 2 survivors (2048K)
 Metaspace       used 31969K, committed 32384K, reserved 1114112K
  class space    used 4007K, committed 4224K, reserved 1048576K
}
Event: 9.097 GC heap after
{Heap after GC invocations=8 (full 0):
 garbage-first heap   total 55296K, used 20132K [0x0000000082a00000, 0x0000000100000000)
  region size 1024K, 3 young (3072K), 3 survivors (3072K)
 Metaspace       used 31969K, committed 32384K, reserved 1114112K
  class space    used 4007K, committed 4224K, reserved 1048576K
}
Event: 10.366 GC heap before
{Heap before GC invocations=8 (full 0):
 garbage-first heap   total 55296K, used 38564K [0x0000000082a00000, 0x0000000100000000)
  region size 1024K, 21 young (21504K), 3 survivors (3072K)
 Metaspace       used 34085K, committed 34432K, reserved 1114112K
  class space    used 4363K, committed 4544K, reserved 1048576K
}
Event: 10.389 GC heap after
{Heap after GC invocations=9 (full 0):
 garbage-first heap   total 55296K, used 22173K [0x0000000082a00000, 0x0000000100000000)
  region size 1024K, 2 young (2048K), 2 survivors (2048K)
 Metaspace       used 34085K, committed 34432K, reserved 1114112K
  class space    used 4363K, committed 4544K, reserved 1048576K
}

Dll operation events (9 events):
Event: 0.017 Loaded shared library C:\Users\ayesh\.jdks\corretto-19.0.2\bin\java.dll
Event: 0.046 Loaded shared library C:\Users\ayesh\.jdks\corretto-19.0.2\bin\jsvml.dll
Event: 0.141 Loaded shared library C:\Users\ayesh\.jdks\corretto-19.0.2\bin\net.dll
Event: 0.144 Loaded shared library C:\Users\ayesh\.jdks\corretto-19.0.2\bin\nio.dll
Event: 0.151 Loaded shared library C:\Users\ayesh\.jdks\corretto-19.0.2\bin\zip.dll
Event: 0.309 Loaded shared library C:\Users\ayesh\.jdks\corretto-19.0.2\bin\management.dll
Event: 0.326 Loaded shared library C:\Users\ayesh\.jdks\corretto-19.0.2\bin\management_ext.dll
Event: 0.440 Loaded shared library C:\Users\ayesh\.jdks\corretto-19.0.2\bin\jimage.dll
Event: 0.574 Loaded shared library C:\Users\ayesh\.jdks\corretto-19.0.2\bin\verify.dll

Deoptimization events (20 events):
Event: 10.173 Thread 0x000001dc242c3950 Uncommon trap: trap_request=0xffffffcc fr.pc=0x000001dc34177898 relative=0x0000000000000378
Event: 10.173 Thread 0x000001dc242c3950 Uncommon trap: reason=intrinsic_or_type_checked_inlining action=make_not_entrant pc=0x000001dc34177898 method=java.util.ArrayList.toArray([Ljava/lang/Object;)[Ljava/lang/Object; @ 36 c2
Event: 10.173 Thread 0x000001dc242c3950 DEOPT PACKING pc=0x000001dc34177898 sp=0x0000001e7a6f63a0
Event: 10.173 Thread 0x000001dc242c3950 DEOPT UNPACKING pc=0x000001dc33a46da3 sp=0x0000001e7a6f6370 mode 2
Event: 10.192 Thread 0x000001dc242c3950 Uncommon trap: trap_request=0xffffff45 fr.pc=0x000001dc3412aee4 relative=0x0000000000000564
Event: 10.192 Thread 0x000001dc242c3950 Uncommon trap: reason=unstable_if action=reinterpret pc=0x000001dc3412aee4 method=org.springframework.beans.factory.support.AbstractAutowireCapableBeanFactory.determineTargetType(Ljava/lang/String;Lorg/springframework/beans/factory/support/RootBeanDefinit
Event: 10.192 Thread 0x000001dc242c3950 DEOPT PACKING pc=0x000001dc3412aee4 sp=0x0000001e7a6f7350
Event: 10.192 Thread 0x000001dc242c3950 DEOPT UNPACKING pc=0x000001dc33a46da3 sp=0x0000001e7a6f7278 mode 2
Event: 10.196 Thread 0x000001dc242c3950 Uncommon trap: trap_request=0xffffff45 fr.pc=0x000001dc340e9b6c relative=0x00000000000001cc
Event: 10.196 Thread 0x000001dc242c3950 Uncommon trap: reason=unstable_if action=reinterpret pc=0x000001dc340e9b6c method=org.springframework.beans.factory.support.AbstractAutowireCapableBeanFactory.determineTargetType(Ljava/lang/String;Lorg/springframework/beans/factory/support/RootBeanDefinit
Event: 10.196 Thread 0x000001dc242c3950 DEOPT PACKING pc=0x000001dc340e9b6c sp=0x0000001e7a6f72b0
Event: 10.196 Thread 0x000001dc242c3950 DEOPT UNPACKING pc=0x000001dc33a46da3 sp=0x0000001e7a6f7268 mode 2
Event: 10.301 Thread 0x000001dc242c3950 Uncommon trap: trap_request=0xffffff45 fr.pc=0x000001dc34102c80 relative=0x0000000000000060
Event: 10.301 Thread 0x000001dc242c3950 Uncommon trap: reason=unstable_if action=reinterpret pc=0x000001dc34102c80 method=java.lang.Class.getComponentType()Ljava/lang/Class; @ 4 c2
Event: 10.301 Thread 0x000001dc242c3950 DEOPT PACKING pc=0x000001dc34102c80 sp=0x0000001e7a6f8ec0
Event: 10.301 Thread 0x000001dc242c3950 DEOPT UNPACKING pc=0x000001dc33a46da3 sp=0x0000001e7a6f8e50 mode 2
Event: 10.427 Thread 0x000001dc242c3950 Uncommon trap: trap_request=0xffffff45 fr.pc=0x000001dc341436e4 relative=0x0000000000001824
Event: 10.427 Thread 0x000001dc242c3950 Uncommon trap: reason=unstable_if action=reinterpret pc=0x000001dc341436e4 method=org.springframework.beans.factory.support.AbstractBeanFactory.isTypeMatch(Ljava/lang/String;Lorg/springframework/core/ResolvableType;Z)Z @ 72 c2
Event: 10.427 Thread 0x000001dc242c3950 DEOPT PACKING pc=0x000001dc341436e4 sp=0x0000001e7a6fbdd0
Event: 10.427 Thread 0x000001dc242c3950 DEOPT UNPACKING pc=0x000001dc33a46da3 sp=0x0000001e7a6fbda8 mode 2

Classes loaded (20 events):
Event: 10.765 Loading class java/lang/ObjectCustomizer
Event: 10.765 Loading class java/lang/ObjectCustomizer done
Event: 10.766 Loading class java/lang/ObjectCustomizer
Event: 10.766 Loading class java/lang/ObjectCustomizer done
Event: 10.772 Loading class java/lang/ObjectCustomizer
Event: 10.772 Loading class java/lang/ObjectCustomizer done
Event: 10.772 Loading class java/lang/ObjectCustomizer
Event: 10.772 Loading class java/lang/ObjectCustomizer done
Event: 10.777 Loading class java/lang/ObjectCustomizer
Event: 10.777 Loading class java/lang/ObjectCustomizer done
Event: 10.777 Loading class java/lang/ObjectCustomizer
Event: 10.777 Loading class java/lang/ObjectCustomizer done
Event: 10.802 Loading class java/lang/ObjectCustomizer
Event: 10.802 Loading class java/lang/ObjectCustomizer done
Event: 10.802 Loading class java/lang/ObjectCustomizer
Event: 10.802 Loading class java/lang/ObjectCustomizer done
Event: 10.840 Loading class java/lang/ObjectCustomizer
Event: 10.840 Loading class java/lang/ObjectCustomizer done
Event: 10.840 Loading class java/lang/ObjectCustomizer
Event: 10.840 Loading class java/lang/ObjectCustomizer done

Classes unloaded (0 events):
No events

Classes redefined (0 events):
No events

Internal exceptions (20 events):
Event: 10.811 Thread 0x000001dc242c3950 Exception <a 'java/lang/ClassNotFoundException'{0x000000008559b8b0}: org/springframework/beans/factory/AwareCustomizer> (0x000000008559b8b0) 
thrown [s\src\hotspot\share\classfile\systemDictionary.cpp, line 255]
Event: 10.812 Thread 0x000001dc242c3950 Exception <a 'java/lang/ClassNotFoundException'{0x000000008559ffe0}: org/springframework/context/ApplicationContextAwareCustomizer> (0x000000008559ffe0) 
thrown [s\src\hotspot\share\classfile\systemDictionary.cpp, line 255]
Event: 10.813 Thread 0x000001dc242c3950 Exception <a 'java/lang/ClassNotFoundException'{0x00000000855a59b8}: org/springframework/beans/factory/AwareCustomizer> (0x00000000855a59b8) 
thrown [s\src\hotspot\share\classfile\systemDictionary.cpp, line 255]
Event: 10.818 Thread 0x000001dc242c3950 Exception <a 'java/lang/IncompatibleClassChangeError'{0x00000000855d79c8}: Found class java.lang.Object, but interface was expected> (0x00000000855d79c8) 
thrown [s\src\hotspot\share\interpreter\linkResolver.cpp, line 841]
Event: 10.840 Thread 0x000001dc242c3950 Exception <a 'java/lang/ClassNotFoundException'{0x00000000854441a8}: java/lang/ObjectCustomizer> (0x00000000854441a8) 
thrown [s\src\hotspot\share\classfile\systemDictionary.cpp, line 255]
Event: 10.841 Thread 0x000001dc242c3950 Exception <a 'java/lang/ClassNotFoundException'{0x000000008544be90}: org/springframework/context/support/ApplicationObjectSupportCustomizer> (0x000000008544be90) 
thrown [s\src\hotspot\share\classfile\systemDictionary.cpp, line 255]
Event: 10.841 Thread 0x000001dc242c3950 Exception <a 'java/lang/ClassNotFoundException'{0x0000000085453648}: org/springframework/web/context/support/WebApplicationObjectSupportCustomizer> (0x0000000085453648) 
thrown [s\src\hotspot\share\classfile\systemDictionary.cpp, line 255]
Event: 10.842 Thread 0x000001dc242c3950 Exception <a 'java/lang/ClassNotFoundException'{0x0000000085459ac0}: org/springframework/web/servlet/handler/AbstractHandlerMappingCustomizer> (0x0000000085459ac0) 
thrown [s\src\hotspot\share\classfile\systemDictionary.cpp, line 255]
Event: 10.844 Thread 0x000001dc242c3950 Exception <a 'java/lang/ClassNotFoundException'{0x000000008546e240}: org/springframework/web/servlet/handler/AbstractUrlHandlerMappingCustomizer> (0x000000008546e240) 
thrown [s\src\hotspot\share\classfile\systemDictionary.cpp, line 255]
Event: 10.845 Thread 0x000001dc242c3950 Exception <a 'java/lang/ClassNotFoundException'{0x000000008547cb68}: org/springframework/web/servlet/handler/SimpleUrlHandlerMappingCustomizer> (0x000000008547cb68) 
thrown [s\src\hotspot\share\classfile\systemDictionary.cpp, line 255]
Event: 10.847 Thread 0x000001dc242c3950 Exception <a 'java/lang/ClassNotFoundException'{0x000000008549e9b8}: org/springframework/web/servlet/handler/MatchableHandlerMappingCustomizer> (0x000000008549e9b8) 
thrown [s\src\hotspot\share\classfile\systemDictionary.cpp, line 255]
Event: 10.847 Thread 0x000001dc242c3950 Exception <a 'java/lang/ClassNotFoundException'{0x00000000854a4748}: org/springframework/web/servlet/HandlerMappingCustomizer> (0x00000000854a4748) 
thrown [s\src\hotspot\share\classfile\systemDictionary.cpp, line 255]
Event: 10.848 Thread 0x000001dc242c3950 Exception <a 'java/lang/ClassNotFoundException'{0x00000000854a9ce0}: org/springframework/web/servlet/HandlerMappingCustomizer> (0x00000000854a9ce0) 
thrown [s\src\hotspot\share\classfile\systemDictionary.cpp, line 255]
Event: 10.849 Thread 0x000001dc242c3950 Exception <a 'java/lang/ClassNotFoundException'{0x00000000854aee30}: org/springframework/core/OrderedCustomizer> (0x00000000854aee30) 
thrown [s\src\hotspot\share\classfile\systemDictionary.cpp, line 255]
Event: 10.849 Thread 0x000001dc242c3950 Exception <a 'java/lang/ClassNotFoundException'{0x00000000854b42c8}: org/springframework/beans/factory/BeanNameAwareCustomizer> (0x00000000854b42c8) 
thrown [s\src\hotspot\share\classfile\systemDictionary.cpp, line 255]
Event: 10.850 Thread 0x000001dc242c3950 Exception <a 'java/lang/ClassNotFoundException'{0x00000000854b9578}: org/springframework/beans/factory/AwareCustomizer> (0x00000000854b9578) 
thrown [s\src\hotspot\share\classfile\systemDictionary.cpp, line 255]
Event: 10.851 Thread 0x000001dc242c3950 Exception <a 'java/lang/ClassNotFoundException'{0x00000000854bdca8}: org/springframework/web/context/ServletContextAwareCustomizer> (0x00000000854bdca8) 
thrown [s\src\hotspot\share\classfile\systemDictionary.cpp, line 255]
Event: 10.851 Thread 0x000001dc242c3950 Exception <a 'java/lang/ClassNotFoundException'{0x00000000854c2fd0}: org/springframework/beans/factory/AwareCustomizer> (0x00000000854c2fd0) 
thrown [s\src\hotspot\share\classfile\systemDictionary.cpp, line 255]
Event: 10.852 Thread 0x000001dc242c3950 Exception <a 'java/lang/ClassNotFoundException'{0x00000000854c7700}: org/springframework/context/ApplicationContextAwareCustomizer> (0x00000000854c7700) 
thrown [s\src\hotspot\share\classfile\systemDictionary.cpp, line 255]
Event: 10.852 Thread 0x000001dc242c3950 Exception <a 'java/lang/ClassNotFoundException'{0x00000000854cd0d8}: org/springframework/beans/factory/AwareCustomizer> (0x00000000854cd0d8) 
thrown [s\src\hotspot\share\classfile\systemDictionary.cpp, line 255]

VM Operations (20 events):
Event: 9.080 Executing VM operation: G1CollectForAllocation
Event: 9.097 Executing VM operation: G1CollectForAllocation done
Event: 9.929 Executing VM operation: HandshakeAllThreads
Event: 9.929 Executing VM operation: HandshakeAllThreads done
Event: 10.008 Executing VM operation: HandshakeAllThreads
Event: 10.008 Executing VM operation: HandshakeAllThreads done
Event: 10.138 Executing VM operation: HandshakeAllThreads
Event: 10.138 Executing VM operation: HandshakeAllThreads done
Event: 10.138 Executing VM operation: Cleanup
Event: 10.139 Executing VM operation: Cleanup done
Event: 10.366 Executing VM operation: G1CollectForAllocation
Event: 10.389 Executing VM operation: G1CollectForAllocation done
Event: 10.457 Executing VM operation: HandshakeAllThreads
Event: 10.457 Executing VM operation: HandshakeAllThreads done
Event: 10.462 Executing VM operation: HandshakeAllThreads
Event: 10.462 Executing VM operation: HandshakeAllThreads done
Event: 10.696 Executing VM operation: HandshakeAllThreads
Event: 10.696 Executing VM operation: HandshakeAllThreads done
Event: 10.832 Executing VM operation: HandshakeAllThreads
Event: 10.832 Executing VM operation: HandshakeAllThreads done

Events (20 events):
Event: 0.086 Thread 0x000001dc42d23860 Thread added: 0x000001dc42d23860
Event: 0.086 Thread 0x000001dc42d26340 Thread added: 0x000001dc42d26340
Event: 0.086 Thread 0x000001dc42d47a90 Thread added: 0x000001dc42d47a90
Event: 0.086 Thread 0x000001dc42d48b80 Thread added: 0x000001dc42d48b80
Event: 0.087 Thread 0x000001dc42d50160 Thread added: 0x000001dc42d50160
Event: 0.128 Thread 0x000001dc47100250 Thread added: 0x000001dc47100250
Event: 0.133 Thread 0x000001dc47107c50 Thread added: 0x000001dc47107c50
Event: 0.210 Thread 0x000001dc47134f80 Thread added: 0x000001dc47134f80
Event: 0.477 Thread 0x000001dc42d496a0 Thread added: 0x000001dc42d496a0
Event: 0.549 Thread 0x000001dc472abb50 Thread added: 0x000001dc472abb50
Event: 0.925 Thread 0x000001dc42d496a0 Thread exited: 0x000001dc42d496a0
Event: 4.143 Thread 0x000001dc480a12e0 Thread added: 0x000001dc480a12e0
Event: 4.166 Thread 0x000001dc480a12e0 Thread exited: 0x000001dc480a12e0
Event: 4.506 Thread 0x000001dc42d496a0 Thread added: 0x000001dc42d496a0
Event: 4.704 Thread 0x000001dc48b63990 Thread added: 0x000001dc48b63990
Event: 5.279 Thread 0x000001dc47bc2d30 Thread added: 0x000001dc47bc2d30
Event: 5.344 Thread 0x000001dc47bc2d30 Thread exited: 0x000001dc47bc2d30
Event: 6.566 Thread 0x000001dc48b63990 Thread exited: 0x000001dc48b63990
Event: 7.795 Thread 0x000001dc42d496a0 Thread exited: 0x000001dc42d496a0
Event: 7.900 Thread 0x000001dc42d485f0 Thread added: 0x000001dc42d485f0


Dynamic libraries:
0x00007ff72d010000 - 0x00007ff72d01d000 	C:\Users\ayesh\.jdks\corretto-19.0.2\bin\java.exe
0x00007ffa4a870000 - 0x00007ffa4aa87000 	C:\WINDOWS\SYSTEM32\ntdll.dll
0x00007ffa4a4f0000 - 0x00007ffa4a5b4000 	C:\WINDOWS\System32\KERNEL32.DLL
0x00007ffa48130000 - 0x00007ffa484d6000 	C:\WINDOWS\System32\KERNELBASE.dll
0x00007ffa47e30000 - 0x00007ffa47f41000 	C:\WINDOWS\System32\ucrtbase.dll
0x00007ffa341b0000 - 0x00007ffa341c7000 	C:\Users\ayesh\.jdks\corretto-19.0.2\bin\jli.dll
0x00007ffa4a2b0000 - 0x00007ffa4a45d000 	C:\WINDOWS\System32\USER32.dll
0x00007ffa485a0000 - 0x00007ffa485c6000 	C:\WINDOWS\System32\win32u.dll
0x00007ffa485d0000 - 0x00007ffa485f9000 	C:\WINDOWS\System32\GDI32.dll
0x00007ffa47d10000 - 0x00007ffa47e28000 	C:\WINDOWS\System32\gdi32full.dll
0x00007ffa340d0000 - 0x00007ffa340e5000 	C:\Users\ayesh\.jdks\corretto-19.0.2\bin\VCRUNTIME140.dll
0x00007ffa47c70000 - 0x00007ffa47d0a000 	C:\WINDOWS\System32\msvcp_win.dll
0x00007ffa314b0000 - 0x00007ffa31743000 	C:\WINDOWS\WinSxS\amd64_microsoft.windows.common-controls_6595b64144ccf1df_6.0.22621.2361_none_2712ced57382f843\COMCTL32.dll
0x00007ffa49190000 - 0x00007ffa49237000 	C:\WINDOWS\System32\msvcrt.dll
0x00007ffa489e0000 - 0x00007ffa48a11000 	C:\WINDOWS\System32\IMM32.DLL
0x00007ffa0a6d0000 - 0x00007ffa0a76b000 	C:\Users\ayesh\.jdks\corretto-19.0.2\bin\msvcp140.dll
0x00007ff9c8800000 - 0x00007ff9c94d9000 	C:\Users\ayesh\.jdks\corretto-19.0.2\bin\server\jvm.dll
0x00007ffa4a780000 - 0x00007ffa4a830000 	C:\WINDOWS\System32\ADVAPI32.dll
0x00007ffa4a5c0000 - 0x00007ffa4a666000 	C:\WINDOWS\System32\sechost.dll
0x00007ffa487e0000 - 0x00007ffa488f7000 	C:\WINDOWS\System32\RPCRT4.dll
0x00007ffa29580000 - 0x00007ffa29589000 	C:\WINDOWS\SYSTEM32\WSOCK32.dll
0x00007ffa49ea0000 - 0x00007ffa49f11000 	C:\WINDOWS\System32\WS2_32.dll
0x00007ffa30be0000 - 0x00007ffa30c14000 	C:\WINDOWS\SYSTEM32\WINMM.dll
0x00007ffa403d0000 - 0x00007ffa403da000 	C:\WINDOWS\SYSTEM32\VERSION.dll
0x00007ffa46c80000 - 0x00007ffa46c98000 	C:\WINDOWS\SYSTEM32\kernel.appcore.dll
0x00007ffa341a0000 - 0x00007ffa341aa000 	C:\Users\ayesh\.jdks\corretto-19.0.2\bin\jimage.dll
0x00007ffa42480000 - 0x00007ffa426ae000 	C:\WINDOWS\SYSTEM32\DBGHELP.DLL
0x00007ffa49f20000 - 0x00007ffa4a2aa000 	C:\WINDOWS\System32\combase.dll
0x00007ffa48900000 - 0x00007ffa489d7000 	C:\WINDOWS\System32\OLEAUT32.dll
0x00007ffa2d470000 - 0x00007ffa2d4a2000 	C:\WINDOWS\SYSTEM32\dbgcore.DLL
0x00007ffa47bf0000 - 0x00007ffa47c6a000 	C:\WINDOWS\System32\bcryptPrimitives.dll
0x00007ffa1b720000 - 0x00007ffa1b746000 	C:\Users\ayesh\.jdks\corretto-19.0.2\bin\java.dll
0x00007ffa08740000 - 0x00007ffa08816000 	C:\Users\ayesh\.jdks\corretto-19.0.2\bin\jsvml.dll
0x00007ffa49410000 - 0x00007ffa49c68000 	C:\WINDOWS\System32\SHELL32.dll
0x00007ffa45b00000 - 0x00007ffa463f2000 	C:\WINDOWS\SYSTEM32\windows.storage.dll
0x00007ffa459c0000 - 0x00007ffa45afe000 	C:\WINDOWS\SYSTEM32\wintypes.dll
0x00007ffa4a680000 - 0x00007ffa4a773000 	C:\WINDOWS\System32\SHCORE.dll
0x00007ffa48780000 - 0x00007ffa487de000 	C:\WINDOWS\System32\shlwapi.dll
0x00007ffa47b20000 - 0x00007ffa47b46000 	C:\WINDOWS\SYSTEM32\profapi.dll
0x00007ffa2ed20000 - 0x00007ffa2ed33000 	C:\Users\ayesh\.jdks\corretto-19.0.2\bin\net.dll
0x00007ffa40cc0000 - 0x00007ffa40df7000 	C:\WINDOWS\SYSTEM32\WINHTTP.dll
0x00007ffa47160000 - 0x00007ffa471c9000 	C:\WINDOWS\system32\mswsock.dll
0x00007ffa1b700000 - 0x00007ffa1b715000 	C:\Users\ayesh\.jdks\corretto-19.0.2\bin\nio.dll
0x00007ffa1b6c0000 - 0x00007ffa1b6d8000 	C:\Users\ayesh\.jdks\corretto-19.0.2\bin\zip.dll
0x00007ffa2e540000 - 0x00007ffa2e549000 	C:\Users\ayesh\.jdks\corretto-19.0.2\bin\management.dll
0x00007ffa28c20000 - 0x00007ffa28c2b000 	C:\Users\ayesh\.jdks\corretto-19.0.2\bin\management_ext.dll
0x00007ffa4a670000 - 0x00007ffa4a678000 	C:\WINDOWS\System32\PSAPI.DLL
0x00007ffa2fc30000 - 0x00007ffa2fc40000 	C:\Users\ayesh\.jdks\corretto-19.0.2\bin\verify.dll
0x00007ffa46660000 - 0x00007ffa4668d000 	C:\WINDOWS\SYSTEM32\IPHLPAPI.DLL
0x00007ffa49400000 - 0x00007ffa49409000 	C:\WINDOWS\System32\NSI.dll
0x00007ffa40880000 - 0x00007ffa40899000 	C:\WINDOWS\SYSTEM32\dhcpcsvc6.DLL
0x00007ffa406a0000 - 0x00007ffa406bf000 	C:\WINDOWS\SYSTEM32\dhcpcsvc.DLL
0x00007ffa466d0000 - 0x00007ffa467c9000 	C:\WINDOWS\SYSTEM32\DNSAPI.dll
0x00007ffa405a0000 - 0x00007ffa405aa000 	C:\Windows\System32\rasadhlp.dll
0x00007ffa400a0000 - 0x00007ffa40124000 	C:\WINDOWS\System32\fwpuclnt.dll
0x00007ffa22650000 - 0x00007ffa22667000 	C:\WINDOWS\system32\napinsp.dll
0x00007ffa225a0000 - 0x00007ffa225bb000 	C:\WINDOWS\system32\pnrpnsp.dll
0x00007ffa22580000 - 0x00007ffa22591000 	C:\WINDOWS\System32\winrnr.dll
0x00007ffa22560000 - 0x00007ffa22575000 	C:\WINDOWS\system32\wshbth.dll
0x00007ffa22530000 - 0x00007ffa22551000 	C:\WINDOWS\system32\nlansp_c.dll

dbghelp: loaded successfully - version: 4.0.5 - missing functions: none
symbol engine: initialized successfully - sym options: 0x614 - pdb path: .;C:\Users\ayesh\.jdks\corretto-19.0.2\bin;C:\WINDOWS\SYSTEM32;C:\WINDOWS\WinSxS\amd64_microsoft.windows.common-controls_6595b64144ccf1df_6.0.22621.2361_none_2712ced57382f843;C:\Users\ayesh\.jdks\corretto-19.0.2\bin\server

VM Arguments:
java_command: C:\Users\ayesh\AppData\Local\Temp\surefire7612416820920606231\surefirebooter1994346438819642656.jar C:\Users\ayesh\AppData\Local\Temp\surefire7612416820920606231 2023-11-09T15-26-16_426-jvmRun1 surefire15722288214937647786tmp surefire_06474796456747165223tmp
java_class_path (initial): C:\Users\ayesh\AppData\Local\Temp\surefire7612416820920606231\surefirebooter1994346438819642656.jar
Launcher Type: SUN_STANDARD

[Global flags]
     intx CICompilerCount                          = 4                                         {product} {ergonomic}
     uint ConcGCThreads                            = 2                                         {product} {ergonomic}
     uint G1ConcRefinementThreads                  = 8                                         {product} {ergonomic}
   size_t G1HeapRegionSize                         = 1048576                                   {product} {ergonomic}
    uintx GCDrainStackTargetSize                   = 64                                        {product} {ergonomic}
   size_t InitialHeapSize                          = 132120576                                 {product} {ergonomic}
   size_t MarkStackSize                            = 4194304                                   {product} {ergonomic}
   size_t MaxHeapSize                              = 2103443456                                {product} {ergonomic}
   size_t MaxNewSize                               = 1261436928                                {product} {ergonomic}
   size_t MinHeapDeltaBytes                        = 1048576                                   {product} {ergonomic}
   size_t MinHeapSize                              = 8388608                                   {product} {ergonomic}
    uintx NonNMethodCodeHeapSize                   = 5839372                                {pd product} {ergonomic}
    uintx NonProfiledCodeHeapSize                  = 122909434                              {pd product} {ergonomic}
    uintx ProfiledCodeHeapSize                     = 122909434                              {pd product} {ergonomic}
    uintx ReservedCodeCacheSize                    = 251658240                              {pd product} {ergonomic}
     bool SegmentedCodeCache                       = true                                      {product} {ergonomic}
   size_t SoftMaxHeapSize                          = 2103443456                             {manageable} {ergonomic}
     bool UseCompressedClassPointers               = true                           {product lp64_product} {ergonomic}
     bool UseCompressedOops                        = true                           {product lp64_product} {ergonomic}
     bool UseG1GC                                  = true                                      {product} {ergonomic}
     bool UseLargePagesIndividualAllocation        = false                                  {pd product} {ergonomic}

Logging:
Log output configuration:
 #0: stdout all=warning uptime,level,tags foldmultilines=false
 #1: stderr all=off uptime,level,tags foldmultilines=false

Environment Variables:
PATH=C:\Program Files\Common Files\Oracle\Java\javapath;C:\Windows\system32;C:\Windows;C:\Windows\System32\Wbem;C:\Windows\System32\WindowsPowerShell\v1.0\;C:\Windows\System32\OpenSSH\;C:\Program Files (x86)\NVIDIA Corporation\PhysX\Common;C:\Program Files\NVIDIA Corporation\NVIDIA NvDLISR;C:\WINDOWS\system32;C:\WINDOWS;C:\WINDOWS\System32\Wbem;C:\WINDOWS\System32\WindowsPowerShell\v1.0\;C:\WINDOWS\System32\OpenSSH\;C:\Program Files\nodejs\;C:\Program Files\Git\cmd;C:\Program Files\Docker\Docker\resources\bin;d:\Kubernetes\Minikube;C:\Program Files\MySQL\MySQL Shell 8.0\bin\;C:\Users\ayesh\AppData\Local\Microsoft\WindowsApps;C:\Users\ayesh\AppData\Roaming\npm;C:\Users\ayesh\AppData\Local\GitHubDesktop\bin;D:\JetBrains\IntelliJ IDEA Community Edition 2023.2.1\bin;;d:\AppData\Local\Programs\Microsoft VS Code\bin;D:\JetBrains\IntelliJ IDEA\bin;
USERNAME=ayesh
OS=Windows_NT
PROCESSOR_IDENTIFIER=Intel64 Family 6 Model 142 Stepping 12, GenuineIntel
TMP=C:\Users\ayesh\AppData\Local\Temp
TEMP=C:\Users\ayesh\AppData\Local\Temp



---------------  S Y S T E M  ---------------

OS:
 Windows 11 , 64 bit Build 22621 (10.0.22621.2428)
OS uptime: 25 days 8:37 hours
Hyper-V role detected

CPU: total 8 (initial active 8) (4 cores per cpu, 2 threads per core) family 6 model 142 stepping 12 microcode 0xde, cx8, cmov, fxsr, ht, mmx, 3dnowpref, sse, sse2, sse3, ssse3, sse4.1, sse4.2, popcnt, lzcnt, tsc, tscinvbit, avx, avx2, aes, erms, clmul, bmi1, bmi2, adx, fma, vzeroupper, clflush, clflushopt, hv, rdtscp

Memory: 4k page, system-wide physical 8022M (490M free)
TotalPageFile size 26772M (AvailPageFile size 2M)
current process WorkingSet (physical memory assigned to process): 180M, peak: 184M
current process commit charge ("private bytes"): 222M, peak: 266M

vm_info: OpenJDK 64-Bit Server VM (19.0.2+7-FR) for windows-amd64 JRE (19.0.2+7-FR), built on Jan 13 2023 22:53:32 by "Administrator" with MS VC++ 15.9 (VS2017)

END.
